#
# There is insufficient memory for the Java Runtime Environment to continue.
# Native memory allocation (mmap) failed to map 651165696 bytes for G1 virtual space
# Possible reasons:
#   The system is out of physical RAM or swap space
#   The process is running with CompressedOops enabled, and the Java Heap may be blocking the growth of the native heap
# Possible solutions:
#   Reduce memory load on the system
#   Increase physical memory or swap space
#   Check if swap backing store is full
#   Decrease Java heap size (-Xmx/-Xms)
#   Decrease number of Java threads
#   Decrease Java thread stack sizes (-Xss)
#   Set larger code cache with -XX:ReservedCodeCacheSize=
#   JVM is running with Unscaled Compressed Oops mode in which the Java heap is
#     placed in the first 4GB address space. The Java Heap base address is the
#     maximum limit for the native heap growth. Please use -XX:HeapBaseMinAddress
#     to set the Java Heap base and to place the Java Heap above 4GB virtual address.
# This output file may be truncated or incomplete.
#
#  Out of Memory Error (os_windows.cpp:3548), pid=57420, tid=37320
#
# JRE version: Java(TM) SE Runtime Environment (17.0.12+8) (build 17.0.12+8-LTS-286)
# Java VM: Java HotSpot(TM) 64-Bit Server VM (17.0.12+8-LTS-286, mixed mode, sharing, tiered, compressed oops, compressed class ptrs, g1 gc, windows-amd64)
# No core dump will be written. Minidumps are not enabled by default on client versions of Windows
#

---------------  S U M M A R Y ------------

Command Line: -XX:+ShowCodeDetailsInExceptionMessages -Dspring.jmx.enabled=true -Dmanagement.endpoints.jmx.exposure.include=* -Dspring.application.admin.enabled=true -Dspring.boot.project.name=demo -Djava.rmi.server.hostname=localhost -Dcom.sun.management.jmxremote.port=45556 -Dcom.sun.management.jmxremote.authenticate=false -Dcom.sun.management.jmxremote.ssl=false com.example.demo.DemoApplication

Host: AMD Ryzen 5 4500U with Radeon Graphics         , 6 cores, 7G,  Windows 10 , 64 bit Build 19041 (10.0.19041.5794)
Time: Sat Jun 14 12:15:54 2025 Namibia Standard Time elapsed time: 6149.935764 seconds (0d 1h 42m 29s)

---------------  T H R E A D  ---------------

Current thread (0x000001e4c504ae70):  VMThread "VM Thread" [stack: 0x0000001287f00000,0x0000001288000000] [id=37320]

Stack: [0x0000001287f00000,0x0000001288000000]
Native frames: (J=compiled Java code, j=interpreted, Vv=VM code, C=native code)
V  [jvm.dll+0x67a04a]
V  [jvm.dll+0x7da4ed]
V  [jvm.dll+0x7dbe33]
V  [jvm.dll+0x7dc4a3]
V  [jvm.dll+0x24508f]
V  [jvm.dll+0x677089]
V  [jvm.dll+0x66bd32]
V  [jvm.dll+0x301fa6]
V  [jvm.dll+0x309546]
V  [jvm.dll+0x359d2e]
V  [jvm.dll+0x359f5f]
V  [jvm.dll+0x2d9078]
V  [jvm.dll+0x2d74ad]
V  [jvm.dll+0x2d6afc]
V  [jvm.dll+0x31a65b]
V  [jvm.dll+0x7e0d9b]
V  [jvm.dll+0x7e1ad4]
V  [jvm.dll+0x7e1fed]
V  [jvm.dll+0x7e23c4]
V  [jvm.dll+0x7e2490]
V  [jvm.dll+0x78abea]
V  [jvm.dll+0x678f35]
C  [ucrtbase.dll+0x21bb2]
C  [KERNEL32.DLL+0x17374]
C  [ntdll.dll+0x4cc91]

VM_Operation (0x0000001289dfc830): G1CollectForAllocation, mode: safepoint, requested by thread 0x000001e515874d50


---------------  P R O C E S S  ---------------

Threads class SMR info:
_java_thread_list=0x000001e5143a5670, length=31, elements={
0x000001e4c504f8e0, 0x000001e4c5051560, 0x000001e4c5064bd0, 0x000001e4c5065c40,
0x000001e4c5066510, 0x000001e4c506a870, 0x000001e4c506e6b0, 0x000001e4c5070080,
0x000001e4c5073950, 0x000001e4c5035750, 0x000001e4c5306970, 0x000001e4c5a2c010,
0x000001e4c5a794b0, 0x000001e4c5a27060, 0x000001e50b723500, 0x000001e50b723a10,
0x000001e50da044e0, 0x000001e50d9fe4b0, 0x000001e50da049f0, 0x000001e50d141970,
0x000001e50b93fd60, 0x000001e51420bf40, 0x000001e5146b6810, 0x000001e514064f30,
0x000001e50d140a40, 0x000001e50ea0e2d0, 0x000001e5152ed730, 0x000001e50da01240,
0x000001e515874330, 0x000001e515876190, 0x000001e515874d50
}

Java Threads: ( => current thread )
  0x000001e4c504f8e0 JavaThread "Reference Handler" daemon [_thread_blocked, id=57792, stack(0x0000001288000000,0x0000001288100000)]
  0x000001e4c5051560 JavaThread "Finalizer" daemon [_thread_blocked, id=50280, stack(0x0000001288100000,0x0000001288200000)]
  0x000001e4c5064bd0 JavaThread "Signal Dispatcher" daemon [_thread_blocked, id=40616, stack(0x0000001288200000,0x0000001288300000)]
  0x000001e4c5065c40 JavaThread "Attach Listener" daemon [_thread_blocked, id=45884, stack(0x0000001288300000,0x0000001288400000)]
  0x000001e4c5066510 JavaThread "Service Thread" daemon [_thread_blocked, id=28064, stack(0x0000001288400000,0x0000001288500000)]
  0x000001e4c506a870 JavaThread "Monitor Deflation Thread" daemon [_thread_blocked, id=9480, stack(0x0000001288500000,0x0000001288600000)]
  0x000001e4c506e6b0 JavaThread "C2 CompilerThread0" daemon [_thread_blocked, id=33288, stack(0x0000001288600000,0x0000001288700000)]
  0x000001e4c5070080 JavaThread "C1 CompilerThread0" daemon [_thread_blocked, id=52360, stack(0x0000001288700000,0x0000001288800000)]
  0x000001e4c5073950 JavaThread "Sweeper thread" daemon [_thread_blocked, id=34508, stack(0x0000001288800000,0x0000001288900000)]
  0x000001e4c5035750 JavaThread "Common-Cleaner" daemon [_thread_blocked, id=920, stack(0x0000001288900000,0x0000001288a00000)]
  0x000001e4c5306970 JavaThread "Notification Thread" daemon [_thread_blocked, id=37452, stack(0x0000001288a00000,0x0000001288b00000)]
  0x000001e4c5a2c010 JavaThread "RMI TCP Accept-0" daemon [_thread_in_native, id=57812, stack(0x0000001288b00000,0x0000001288c00000)]
  0x000001e4c5a794b0 JavaThread "RMI TCP Accept-45556" daemon [_thread_in_native, id=51992, stack(0x0000001288c00000,0x0000001288d00000)]
  0x000001e4c5a27060 JavaThread "RMI TCP Accept-0" daemon [_thread_in_native, id=56128, stack(0x0000001288d00000,0x0000001288e00000)]
  0x000001e50b723500 JavaThread "RMI Scheduler(0)" daemon [_thread_blocked, id=20984, stack(0x0000001289900000,0x0000001289a00000)]
  0x000001e50b723a10 JavaThread "JMX server connection timeout 26" daemon [_thread_blocked, id=58080, stack(0x0000001289b00000,0x0000001289c00000)]
  0x000001e50da044e0 JavaThread "mysql-cj-abandoned-connection-cleanup" daemon [_thread_blocked, id=13776, stack(0x0000001289f00000,0x000000128a000000)]
  0x000001e50d9fe4b0 JavaThread "Live Reload Server" daemon [_thread_in_native, id=52128, stack(0x000000128a300000,0x000000128a400000)]
  0x000001e50da049f0 JavaThread "DestroyJavaVM" [_thread_blocked, id=42468, stack(0x0000001287900000,0x0000001287a00000)]
  0x000001e50d141970 JavaThread "File Watcher" daemon [_thread_blocked, id=38412, stack(0x0000001289500000,0x0000001289600000)]
  0x000001e50b93fd60 JavaThread "File Watcher" daemon [_thread_blocked, id=54096, stack(0x0000001289800000,0x0000001289900000)]
  0x000001e51420bf40 JavaThread "File Watcher" daemon [_thread_blocked, id=55044, stack(0x0000001287700000,0x0000001287800000)]
  0x000001e5146b6810 JavaThread "File Watcher" daemon [_thread_blocked, id=36100, stack(0x0000001289600000,0x0000001289700000)]
  0x000001e514064f30 JavaThread "File Watcher" daemon [_thread_blocked, id=34096, stack(0x0000001289c00000,0x0000001289d00000)]
  0x000001e50d140a40 JavaThread "File Watcher" daemon [_thread_blocked, id=24240, stack(0x0000001289e00000,0x0000001289f00000)]
  0x000001e50ea0e2d0 JavaThread "RMI TCP Connection(5)-127.0.0.1" daemon [_thread_in_native, id=21220, stack(0x0000001287600000,0x0000001287700000)]
  0x000001e5152ed730 JavaThread "Thread-121" [_thread_blocked, id=58988, stack(0x0000001287800000,0x0000001287900000)]
  0x000001e50da01240 JavaThread "File Watcher" daemon [_thread_blocked, id=53936, stack(0x0000001289a00000,0x0000001289b00000)]
  0x000001e515874330 JavaThread "File Watcher" daemon [_thread_blocked, id=8084, stack(0x000000128a100000,0x000000128a200000)]
  0x000001e515876190 JavaThread "File Watcher" daemon [_thread_blocked, id=50800, stack(0x000000128a000000,0x000000128a100000)]
  0x000001e515874d50 JavaThread "restartedMain" [_thread_blocked, id=57472, stack(0x0000001289d00000,0x0000001289e00000)]

Other Threads:
=>0x000001e4c504ae70 VMThread "VM Thread" [stack: 0x0000001287f00000,0x0000001288000000] [id=37320]
  0x000001e4a78acbf0 WatcherThread [stack: 0x0000001288e00000,0x0000001288f00000] [id=41692]
  0x000001e4a790c460 GCTaskThread "GC Thread#0" [stack: 0x0000001287a00000,0x0000001287b00000] [id=8224]
  0x000001e50b6f7c60 GCTaskThread "GC Thread#1" [stack: 0x0000001288f00000,0x0000001289000000] [id=52096]
  0x000001e4c5d108e0 GCTaskThread "GC Thread#2" [stack: 0x0000001289000000,0x0000001289100000] [id=31312]
  0x000001e4c5d9d450 GCTaskThread "GC Thread#3" [stack: 0x0000001289100000,0x0000001289200000] [id=57460]
  0x000001e4c5d9d710 GCTaskThread "GC Thread#4" [stack: 0x0000001289200000,0x0000001289300000] [id=49024]
  0x000001e50b67f4f0 GCTaskThread "GC Thread#5" [stack: 0x0000001289300000,0x0000001289400000] [id=45320]
  0x000001e4a791ce90 ConcurrentGCThread "G1 Main Marker" [stack: 0x0000001287b00000,0x0000001287c00000] [id=31556]
  0x000001e4a791d7b0 ConcurrentGCThread "G1 Conc#0" [stack: 0x0000001287c00000,0x0000001287d00000] [id=55388]
  0x000001e50c93b6a0 ConcurrentGCThread "G1 Conc#1" [stack: 0x0000001289700000,0x0000001289800000] [id=380]
  0x000001e4a796d980 ConcurrentGCThread "G1 Refine#0" [stack: 0x0000001287d00000,0x0000001287e00000] [id=3344]
  0x000001e4c5d371c0 ConcurrentGCThread "G1 Refine#1" [stack: 0x0000001289400000,0x0000001289500000] [id=28340]
  0x000001e4c4f02210 ConcurrentGCThread "G1 Service" [stack: 0x0000001287e00000,0x0000001287f00000] [id=48268]

Threads with active compile tasks:

VM state: at safepoint (normal execution)

VM Mutex/Monitor currently owned by a thread:  ([mutex/lock_event])
[0x000001e4a78a9ca0] Threads_lock - owner thread: 0x000001e4c504ae70
[0x000001e4a78aa240] Heap_lock - owner thread: 0x000001e515874d50

Heap address: 0x000000008a200000, size: 1886 MB, Compressed Oops mode: 32-bit

CDS archive(s) mapped at: [0x000001e4c6000000-0x000001e4c6bd0000-0x000001e4c6bd0000), size 12386304, SharedBaseAddress: 0x000001e4c6000000, ArchiveRelocationMode: 1.
Compressed class space mapped at: 0x000001e4c7000000-0x000001e507000000, reserved size: 1073741824
Narrow klass base: 0x000001e4c6000000, Narrow klass shift: 0, Narrow klass range: 0x100000000

GC Precious Log:
 CPUs: 6 total, 6 available
 Memory: 7542M
 Large Page Support: Disabled
 NUMA Support: Disabled
 Compressed Oops: Enabled (32-bit)
 Heap Region Size: 1M
 Heap Min Capacity: 8M
 Heap Initial Capacity: 118M
 Heap Max Capacity: 1886M
 Pre-touch: Disabled
 Parallel Workers: 6
 Concurrent Workers: 2
 Concurrent Refinement Workers: 6
 Periodic GC: Disabled

Heap:
 garbage-first heap   total 343040K, used 192433K [0x000000008a200000, 0x0000000100000000)
  region size 1024K, 11 young (11264K), 11 survivors (11264K)
 Metaspace       used 136586K, committed 138368K, reserved 1179648K
  class space    used 16864K, committed 17728K, reserved 1048576K

Heap Regions: E=young(eden), S=young(survivor), O=old, HS=humongous(starts), HC=humongous(continues), CS=collection set, F=free, OA=open archive, CA=closed archive, TAMS=top-at-mark-start (previous, next)
|   0|0x000000008a200000, 0x000000008a300000, 0x000000008a300000|100%|HS|  |TAMS 0x000000008a300000, 0x000000008a300000| Complete 
|   1|0x000000008a300000, 0x000000008a400000, 0x000000008a400000|100%|HS|  |TAMS 0x000000008a400000, 0x000000008a400000| Complete 
|   2|0x000000008a400000, 0x000000008a4ffaf8, 0x000000008a500000| 99%| O|  |TAMS 0x000000008a4ffaf8, 0x000000008a4ffaf8| Untracked 
|   3|0x000000008a500000, 0x000000008a600000, 0x000000008a600000|100%| O|  |TAMS 0x000000008a600000, 0x000000008a600000| Untracked 
|   4|0x000000008a600000, 0x000000008a6ffff0, 0x000000008a700000| 99%| O|  |TAMS 0x000000008a6ffff0, 0x000000008a6ffff0| Untracked 
|   5|0x000000008a700000, 0x000000008a800000, 0x000000008a800000|100%| O|  |TAMS 0x000000008a800000, 0x000000008a800000| Untracked 
|   6|0x000000008a800000, 0x000000008a8ffff0, 0x000000008a900000| 99%| O|  |TAMS 0x000000008a8ffff0, 0x000000008a8ffff0| Untracked 
|   7|0x000000008a900000, 0x000000008a9fa6c8, 0x000000008aa00000| 97%| O|  |TAMS 0x000000008a9fa6c8, 0x000000008a9fa6c8| Untracked 
|   8|0x000000008aa00000, 0x000000008aaffff8, 0x000000008ab00000| 99%| O|  |TAMS 0x000000008aaffff8, 0x000000008aaffff8| Untracked 
|   9|0x000000008ab00000, 0x000000008abffff8, 0x000000008ac00000| 99%| O|  |TAMS 0x000000008abffff8, 0x000000008abffff8| Untracked 
|  10|0x000000008ac00000, 0x000000008acfffe8, 0x000000008ad00000| 99%| O|  |TAMS 0x000000008acfffe8, 0x000000008acfffe8| Untracked 
|  11|0x000000008ad00000, 0x000000008adfffd8, 0x000000008ae00000| 99%| O|  |TAMS 0x000000008adfffd8, 0x000000008adfffd8| Untracked 
|  12|0x000000008ae00000, 0x000000008af00000, 0x000000008af00000|100%| O|  |TAMS 0x000000008af00000, 0x000000008af00000| Untracked 
|  13|0x000000008af00000, 0x000000008b000000, 0x000000008b000000|100%| O|  |TAMS 0x000000008b000000, 0x000000008b000000| Untracked 
|  14|0x000000008b000000, 0x000000008b100000, 0x000000008b100000|100%| O|  |TAMS 0x000000008b100000, 0x000000008b100000| Untracked 
|  15|0x000000008b100000, 0x000000008b200000, 0x000000008b200000|100%| O|  |TAMS 0x000000008b200000, 0x000000008b200000| Untracked 
|  16|0x000000008b200000, 0x000000008b2ffff0, 0x000000008b300000| 99%| O|  |TAMS 0x000000008b2ffff0, 0x000000008b2ffff0| Untracked 
|  17|0x000000008b300000, 0x000000008b400000, 0x000000008b400000|100%| O|  |TAMS 0x000000008b400000, 0x000000008b400000| Untracked 
|  18|0x000000008b400000, 0x000000008b4fffe0, 0x000000008b500000| 99%| O|  |TAMS 0x000000008b4fffe0, 0x000000008b4fffe0| Untracked 
|  19|0x000000008b500000, 0x000000008b600000, 0x000000008b600000|100%| O|  |TAMS 0x000000008b600000, 0x000000008b600000| Untracked 
|  20|0x000000008b600000, 0x000000008b6ffff8, 0x000000008b700000| 99%| O|  |TAMS 0x000000008b6ffff8, 0x000000008b6ffff8| Untracked 
|  21|0x000000008b700000, 0x000000008b7fffe8, 0x000000008b800000| 99%| O|  |TAMS 0x000000008b7fffe8, 0x000000008b7fffe8| Untracked 
|  22|0x000000008b800000, 0x000000008b8fffe8, 0x000000008b900000| 99%| O|  |TAMS 0x000000008b8fffe8, 0x000000008b8fffe8| Untracked 
|  23|0x000000008b900000, 0x000000008b9fffb8, 0x000000008ba00000| 99%| O|  |TAMS 0x000000008b9fffb8, 0x000000008b9fffb8| Untracked 
|  24|0x000000008ba00000, 0x000000008baf8800, 0x000000008bb00000| 97%| O|  |TAMS 0x000000008baf8800, 0x000000008baf8800| Untracked 
|  25|0x000000008bb00000, 0x000000008bc00000, 0x000000008bc00000|100%| O|  |TAMS 0x000000008bc00000, 0x000000008bc00000| Untracked 
|  26|0x000000008bc00000, 0x000000008bcffff0, 0x000000008bd00000| 99%| O|  |TAMS 0x000000008bcffff0, 0x000000008bcffff0| Untracked 
|  27|0x000000008bd00000, 0x000000008bdfffe8, 0x000000008be00000| 99%| O|  |TAMS 0x000000008bdfffe8, 0x000000008bdfffe8| Untracked 
|  28|0x000000008be00000, 0x000000008beffff0, 0x000000008bf00000| 99%| O|  |TAMS 0x000000008beffff0, 0x000000008beffff0| Untracked 
|  29|0x000000008bf00000, 0x000000008c000000, 0x000000008c000000|100%| O|  |TAMS 0x000000008c000000, 0x000000008c000000| Untracked 
|  30|0x000000008c000000, 0x000000008c0ffe50, 0x000000008c100000| 99%| O|  |TAMS 0x000000008c0ffe50, 0x000000008c0ffe50| Untracked 
|  31|0x000000008c100000, 0x000000008c200000, 0x000000008c200000|100%| O|  |TAMS 0x000000008c200000, 0x000000008c200000| Untracked 
|  32|0x000000008c200000, 0x000000008c2fffe0, 0x000000008c300000| 99%| O|  |TAMS 0x000000008c2fffe0, 0x000000008c2fffe0| Untracked 
|  33|0x000000008c300000, 0x000000008c3fffe0, 0x000000008c400000| 99%| O|  |TAMS 0x000000008c3fffe0, 0x000000008c3fffe0| Untracked 
|  34|0x000000008c400000, 0x000000008c500000, 0x000000008c500000|100%| O|  |TAMS 0x000000008c500000, 0x000000008c500000| Untracked 
|  35|0x000000008c500000, 0x000000008c600000, 0x000000008c600000|100%| O|  |TAMS 0x000000008c600000, 0x000000008c600000| Untracked 
|  36|0x000000008c600000, 0x000000008c700000, 0x000000008c700000|100%| O|  |TAMS 0x000000008c700000, 0x000000008c700000| Untracked 
|  37|0x000000008c700000, 0x000000008c800000, 0x000000008c800000|100%| O|  |TAMS 0x000000008c800000, 0x000000008c800000| Untracked 
|  38|0x000000008c800000, 0x000000008c8ffff0, 0x000000008c900000| 99%| O|  |TAMS 0x000000008c8ffff0, 0x000000008c8ffff0| Untracked 
|  39|0x000000008c900000, 0x000000008c9fffe0, 0x000000008ca00000| 99%| O|  |TAMS 0x000000008c9fffe0, 0x000000008c9fffe0| Untracked 
|  40|0x000000008ca00000, 0x000000008cafffd0, 0x000000008cb00000| 99%| O|  |TAMS 0x000000008cafffd0, 0x000000008cafffd0| Untracked 
|  41|0x000000008cb00000, 0x000000008cbfffc8, 0x000000008cc00000| 99%| O|  |TAMS 0x000000008cbfffc8, 0x000000008cbfffc8| Untracked 
|  42|0x000000008cc00000, 0x000000008ccfffe8, 0x000000008cd00000| 99%| O|  |TAMS 0x000000008ccfffe8, 0x000000008ccfffe8| Untracked 
|  43|0x000000008cd00000, 0x000000008cdffff0, 0x000000008ce00000| 99%| O|  |TAMS 0x000000008cdffff0, 0x000000008cdffff0| Untracked 
|  44|0x000000008ce00000, 0x000000008ceffff8, 0x000000008cf00000| 99%| O|  |TAMS 0x000000008ceffff8, 0x000000008ceffff8| Untracked 
|  45|0x000000008cf00000, 0x000000008cffffe0, 0x000000008d000000| 99%| O|  |TAMS 0x000000008cffffe0, 0x000000008cffffe0| Untracked 
|  46|0x000000008d000000, 0x000000008d0fffb8, 0x000000008d100000| 99%| O|  |TAMS 0x000000008d0fffb8, 0x000000008d0fffb8| Untracked 
|  47|0x000000008d100000, 0x000000008d1fffe0, 0x000000008d200000| 99%| O|  |TAMS 0x000000008d1fffe0, 0x000000008d1fffe0| Untracked 
|  48|0x000000008d200000, 0x000000008d2ffff0, 0x000000008d300000| 99%| O|  |TAMS 0x000000008d2ffff0, 0x000000008d2ffff0| Untracked 
|  49|0x000000008d300000, 0x000000008d3fff90, 0x000000008d400000| 99%| O|  |TAMS 0x000000008d3fff90, 0x000000008d3fff90| Untracked 
|  50|0x000000008d400000, 0x000000008d4fffe0, 0x000000008d500000| 99%| O|  |TAMS 0x000000008d4fffe0, 0x000000008d4fffe0| Untracked 
|  51|0x000000008d500000, 0x000000008d600000, 0x000000008d600000|100%| O|  |TAMS 0x000000008d600000, 0x000000008d600000| Untracked 
|  52|0x000000008d600000, 0x000000008d6fffc0, 0x000000008d700000| 99%| O|  |TAMS 0x000000008d6fffc0, 0x000000008d6fffc0| Untracked 
|  53|0x000000008d700000, 0x000000008d7fffc0, 0x000000008d800000| 99%| O|  |TAMS 0x000000008d7fffc0, 0x000000008d7fffc0| Untracked 
|  54|0x000000008d800000, 0x000000008d8fffe8, 0x000000008d900000| 99%| O|  |TAMS 0x000000008d8fffe8, 0x000000008d8fffe8| Untracked 
|  55|0x000000008d900000, 0x000000008d9ffff8, 0x000000008da00000| 99%| O|  |TAMS 0x000000008d9ffff8, 0x000000008d9ffff8| Untracked 
|  56|0x000000008da00000, 0x000000008dafffe0, 0x000000008db00000| 99%| O|  |TAMS 0x000000008dafffe0, 0x000000008dafffe0| Untracked 
|  57|0x000000008db00000, 0x000000008dc00000, 0x000000008dc00000|100%| O|  |TAMS 0x000000008dc00000, 0x000000008dc00000| Untracked 
|  58|0x000000008dc00000, 0x000000008dd00000, 0x000000008dd00000|100%| O|  |TAMS 0x000000008dd00000, 0x000000008dd00000| Untracked 
|  59|0x000000008dd00000, 0x000000008ddffff8, 0x000000008de00000| 99%| O|  |TAMS 0x000000008ddffff8, 0x000000008ddffff8| Untracked 
|  60|0x000000008de00000, 0x000000008defffa8, 0x000000008df00000| 99%| O|  |TAMS 0x000000008defffa8, 0x000000008defffa8| Untracked 
|  61|0x000000008df00000, 0x000000008dffffe0, 0x000000008e000000| 99%| O|  |TAMS 0x000000008dffffe0, 0x000000008dffffe0| Untracked 
|  62|0x000000008e000000, 0x000000008e0ffff0, 0x000000008e100000| 99%| O|  |TAMS 0x000000008e0ffff0, 0x000000008e0ffff0| Untracked 
|  63|0x000000008e100000, 0x000000008e1fffc0, 0x000000008e200000| 99%| O|  |TAMS 0x000000008e1fffc0, 0x000000008e1fffc0| Untracked 
|  64|0x000000008e200000, 0x000000008e2fffe8, 0x000000008e300000| 99%| O|  |TAMS 0x000000008e2fffe8, 0x000000008e2fffe8| Untracked 
|  65|0x000000008e300000, 0x000000008e400000, 0x000000008e400000|100%| O|  |TAMS 0x000000008e400000, 0x000000008e400000| Untracked 
|  66|0x000000008e400000, 0x000000008e500000, 0x000000008e500000|100%| O|  |TAMS 0x000000008e500000, 0x000000008e500000| Untracked 
|  67|0x000000008e500000, 0x000000008e5fffe8, 0x000000008e600000| 99%| O|  |TAMS 0x000000008e5fffe8, 0x000000008e5fffe8| Untracked 
|  68|0x000000008e600000, 0x000000008e700000, 0x000000008e700000|100%| O|  |TAMS 0x000000008e700000, 0x000000008e700000| Untracked 
|  69|0x000000008e700000, 0x000000008e7fffd8, 0x000000008e800000| 99%| O|  |TAMS 0x000000008e7fffd8, 0x000000008e7fffd8| Untracked 
|  70|0x000000008e800000, 0x000000008e8fffe8, 0x000000008e900000| 99%| O|  |TAMS 0x000000008e8fffe8, 0x000000008e8fffe8| Untracked 
|  71|0x000000008e900000, 0x000000008ea00000, 0x000000008ea00000|100%| O|  |TAMS 0x000000008ea00000, 0x000000008ea00000| Untracked 
|  72|0x000000008ea00000, 0x000000008eb00000, 0x000000008eb00000|100%| O|  |TAMS 0x000000008eb00000, 0x000000008eb00000| Untracked 
|  73|0x000000008eb00000, 0x000000008ebfffd0, 0x000000008ec00000| 99%| O|  |TAMS 0x000000008ebfffd0, 0x000000008ebfffd0| Untracked 
|  74|0x000000008ec00000, 0x000000008ed00000, 0x000000008ed00000|100%| O|  |TAMS 0x000000008ed00000, 0x000000008ed00000| Untracked 
|  75|0x000000008ed00000, 0x000000008ee00000, 0x000000008ee00000|100%| O|  |TAMS 0x000000008ed00000, 0x000000008ee00000| Untracked 
|  76|0x000000008ee00000, 0x000000008eefffe8, 0x000000008ef00000| 99%| O|  |TAMS 0x000000008eefffe8, 0x000000008eefffe8| Untracked 
|  77|0x000000008ef00000, 0x000000008f000000, 0x000000008f000000|100%| O|  |TAMS 0x000000008f000000, 0x000000008f000000| Untracked 
|  78|0x000000008f000000, 0x000000008f100000, 0x000000008f100000|100%| O|  |TAMS 0x000000008f000000, 0x000000008f100000| Untracked 
|  79|0x000000008f100000, 0x000000008f200000, 0x000000008f200000|100%| O|  |TAMS 0x000000008f200000, 0x000000008f200000| Untracked 
|  80|0x000000008f200000, 0x000000008f300000, 0x000000008f300000|100%| O|  |TAMS 0x000000008f300000, 0x000000008f300000| Untracked 
|  81|0x000000008f300000, 0x000000008f400000, 0x000000008f400000|100%| O|  |TAMS 0x000000008f400000, 0x000000008f400000| Untracked 
|  82|0x000000008f400000, 0x000000008f500000, 0x000000008f500000|100%| O|  |TAMS 0x000000008f500000, 0x000000008f500000| Untracked 
|  83|0x000000008f500000, 0x000000008f600000, 0x000000008f600000|100%| O|  |TAMS 0x000000008f600000, 0x000000008f600000| Untracked 
|  84|0x000000008f600000, 0x000000008f700000, 0x000000008f700000|100%| O|  |TAMS 0x000000008f600000, 0x000000008f700000| Untracked 
|  85|0x000000008f700000, 0x000000008f700000, 0x000000008f800000|  0%| F|  |TAMS 0x000000008f700000, 0x000000008f700000| Untracked 
|  86|0x000000008f800000, 0x000000008f900000, 0x000000008f900000|100%| O|  |TAMS 0x000000008f900000, 0x000000008f900000| Untracked 
|  87|0x000000008f900000, 0x000000008fa00000, 0x000000008fa00000|100%| O|  |TAMS 0x000000008fa00000, 0x000000008fa00000| Untracked 
|  88|0x000000008fa00000, 0x000000008fb00000, 0x000000008fb00000|100%| O|  |TAMS 0x000000008fb00000, 0x000000008fb00000| Untracked 
|  89|0x000000008fb00000, 0x000000008fb00000, 0x000000008fc00000|  0%| F|  |TAMS 0x000000008fb00000, 0x000000008fb00000| Untracked 
|  90|0x000000008fc00000, 0x000000008fc00000, 0x000000008fd00000|  0%| F|  |TAMS 0x000000008fc00000, 0x000000008fc00000| Untracked 
|  91|0x000000008fd00000, 0x000000008fdfff98, 0x000000008fe00000| 99%| O|  |TAMS 0x000000008fdfff98, 0x000000008fdfff98| Untracked 
|  92|0x000000008fe00000, 0x000000008ff00000, 0x000000008ff00000|100%| O|  |TAMS 0x000000008ff00000, 0x000000008ff00000| Untracked 
|  93|0x000000008ff00000, 0x0000000090000000, 0x0000000090000000|100%| O|  |TAMS 0x0000000090000000, 0x0000000090000000| Untracked 
|  94|0x0000000090000000, 0x0000000090100000, 0x0000000090100000|100%| O|  |TAMS 0x0000000090100000, 0x0000000090100000| Untracked 
|  95|0x0000000090100000, 0x0000000090200000, 0x0000000090200000|100%| O|  |TAMS 0x0000000090200000, 0x0000000090200000| Untracked 
|  96|0x0000000090200000, 0x0000000090300000, 0x0000000090300000|100%| O|  |TAMS 0x0000000090300000, 0x0000000090300000| Untracked 
|  97|0x0000000090300000, 0x0000000090400000, 0x0000000090400000|100%| O|  |TAMS 0x0000000090400000, 0x0000000090400000| Untracked 
|  98|0x0000000090400000, 0x0000000090500000, 0x0000000090500000|100%| O|  |TAMS 0x0000000090500000, 0x0000000090500000| Untracked 
|  99|0x0000000090500000, 0x0000000090600000, 0x0000000090600000|100%| O|  |TAMS 0x0000000090600000, 0x0000000090600000| Untracked 
| 100|0x0000000090600000, 0x00000000906fffc8, 0x0000000090700000| 99%| O|  |TAMS 0x00000000906fffc8, 0x00000000906fffc8| Untracked 
| 101|0x0000000090700000, 0x0000000090800000, 0x0000000090800000|100%| O|  |TAMS 0x0000000090800000, 0x0000000090800000| Untracked 
| 102|0x0000000090800000, 0x0000000090900000, 0x0000000090900000|100%| O|  |TAMS 0x0000000090900000, 0x0000000090900000| Untracked 
| 103|0x0000000090900000, 0x0000000090a00000, 0x0000000090a00000|100%| O|  |TAMS 0x0000000090a00000, 0x0000000090a00000| Untracked 
| 104|0x0000000090a00000, 0x0000000090b00000, 0x0000000090b00000|100%| O|  |TAMS 0x0000000090b00000, 0x0000000090b00000| Untracked 
| 105|0x0000000090b00000, 0x0000000090c00000, 0x0000000090c00000|100%| O|  |TAMS 0x0000000090c00000, 0x0000000090c00000| Untracked 
| 106|0x0000000090c00000, 0x0000000090d00000, 0x0000000090d00000|100%| O|  |TAMS 0x0000000090d00000, 0x0000000090d00000| Untracked 
| 107|0x0000000090d00000, 0x0000000090e00000, 0x0000000090e00000|100%| O|  |TAMS 0x0000000090e00000, 0x0000000090e00000| Untracked 
| 108|0x0000000090e00000, 0x0000000090f00000, 0x0000000090f00000|100%| O|  |TAMS 0x0000000090f00000, 0x0000000090f00000| Untracked 
| 109|0x0000000090f00000, 0x0000000091000000, 0x0000000091000000|100%| O|  |TAMS 0x0000000091000000, 0x0000000091000000| Untracked 
| 110|0x0000000091000000, 0x0000000091100000, 0x0000000091100000|100%| O|  |TAMS 0x0000000091100000, 0x0000000091100000| Untracked 
| 111|0x0000000091100000, 0x0000000091200000, 0x0000000091200000|100%| O|  |TAMS 0x0000000091200000, 0x0000000091200000| Untracked 
| 112|0x0000000091200000, 0x0000000091300000, 0x0000000091300000|100%| O|  |TAMS 0x0000000091300000, 0x0000000091300000| Untracked 
| 113|0x0000000091300000, 0x0000000091400000, 0x0000000091400000|100%| O|  |TAMS 0x0000000091400000, 0x0000000091400000| Untracked 
| 114|0x0000000091400000, 0x0000000091500000, 0x0000000091500000|100%| O|  |TAMS 0x0000000091500000, 0x0000000091500000| Untracked 
| 115|0x0000000091500000, 0x0000000091600000, 0x0000000091600000|100%| O|  |TAMS 0x0000000091600000, 0x0000000091600000| Untracked 
| 116|0x0000000091600000, 0x0000000091700000, 0x0000000091700000|100%| O|  |TAMS 0x0000000091700000, 0x0000000091700000| Untracked 
| 117|0x0000000091700000, 0x0000000091800000, 0x0000000091800000|100%| O|  |TAMS 0x0000000091800000, 0x0000000091800000| Untracked 
| 118|0x0000000091800000, 0x0000000091900000, 0x0000000091900000|100%| O|  |TAMS 0x0000000091900000, 0x0000000091900000| Untracked 
| 119|0x0000000091900000, 0x0000000091a00000, 0x0000000091a00000|100%| O|  |TAMS 0x0000000091a00000, 0x0000000091a00000| Untracked 
| 120|0x0000000091a00000, 0x0000000091b00000, 0x0000000091b00000|100%| O|  |TAMS 0x0000000091b00000, 0x0000000091b00000| Untracked 
| 121|0x0000000091b00000, 0x0000000091c00000, 0x0000000091c00000|100%| O|  |TAMS 0x0000000091c00000, 0x0000000091c00000| Untracked 
| 122|0x0000000091c00000, 0x0000000091d00000, 0x0000000091d00000|100%| O|  |TAMS 0x0000000091d00000, 0x0000000091d00000| Untracked 
| 123|0x0000000091d00000, 0x0000000091e00000, 0x0000000091e00000|100%| O|  |TAMS 0x0000000091e00000, 0x0000000091e00000| Untracked 
| 124|0x0000000091e00000, 0x0000000091f00000, 0x0000000091f00000|100%| O|  |TAMS 0x0000000091f00000, 0x0000000091f00000| Untracked 
| 125|0x0000000091f00000, 0x0000000092000000, 0x0000000092000000|100%| O|  |TAMS 0x0000000092000000, 0x0000000092000000| Untracked 
| 126|0x0000000092000000, 0x0000000092100000, 0x0000000092100000|100%| O|  |TAMS 0x0000000092100000, 0x0000000092100000| Untracked 
| 127|0x0000000092100000, 0x0000000092200000, 0x0000000092200000|100%| O|  |TAMS 0x0000000092200000, 0x0000000092200000| Untracked 
| 128|0x0000000092200000, 0x0000000092300000, 0x0000000092300000|100%| O|  |TAMS 0x0000000092300000, 0x0000000092300000| Untracked 
| 129|0x0000000092300000, 0x0000000092400000, 0x0000000092400000|100%| O|  |TAMS 0x0000000092400000, 0x0000000092400000| Untracked 
| 130|0x0000000092400000, 0x0000000092500000, 0x0000000092500000|100%| O|  |TAMS 0x0000000092500000, 0x0000000092500000| Untracked 
| 131|0x0000000092500000, 0x0000000092600000, 0x0000000092600000|100%| O|  |TAMS 0x0000000092600000, 0x0000000092600000| Untracked 
| 132|0x0000000092600000, 0x0000000092700000, 0x0000000092700000|100%| O|  |TAMS 0x0000000092700000, 0x0000000092700000| Untracked 
| 133|0x0000000092700000, 0x00000000927fff68, 0x0000000092800000| 99%| O|  |TAMS 0x00000000927fff68, 0x00000000927fff68| Untracked 
| 134|0x0000000092800000, 0x0000000092900000, 0x0000000092900000|100%| O|  |TAMS 0x0000000092900000, 0x0000000092900000| Untracked 
| 135|0x0000000092900000, 0x0000000092a00000, 0x0000000092a00000|100%| O|  |TAMS 0x0000000092a00000, 0x0000000092a00000| Untracked 
| 136|0x0000000092a00000, 0x0000000092b00000, 0x0000000092b00000|100%| O|  |TAMS 0x0000000092b00000, 0x0000000092b00000| Untracked 
| 137|0x0000000092b00000, 0x0000000092c00000, 0x0000000092c00000|100%| O|  |TAMS 0x0000000092c00000, 0x0000000092c00000| Untracked 
| 138|0x0000000092c00000, 0x0000000092d00000, 0x0000000092d00000|100%| O|  |TAMS 0x0000000092d00000, 0x0000000092d00000| Untracked 
| 139|0x0000000092d00000, 0x0000000092e00000, 0x0000000092e00000|100%| O|  |TAMS 0x0000000092e00000, 0x0000000092e00000| Untracked 
| 140|0x0000000092e00000, 0x0000000092f00000, 0x0000000092f00000|100%| O|  |TAMS 0x0000000092f00000, 0x0000000092f00000| Untracked 
| 141|0x0000000092f00000, 0x0000000093000000, 0x0000000093000000|100%| O|  |TAMS 0x0000000093000000, 0x0000000093000000| Untracked 
| 142|0x0000000093000000, 0x0000000093100000, 0x0000000093100000|100%| O|  |TAMS 0x0000000093100000, 0x0000000093100000| Untracked 
| 143|0x0000000093100000, 0x0000000093200000, 0x0000000093200000|100%| O|  |TAMS 0x0000000093200000, 0x0000000093200000| Untracked 
| 144|0x0000000093200000, 0x0000000093300000, 0x0000000093300000|100%| O|  |TAMS 0x0000000093300000, 0x0000000093300000| Untracked 
| 145|0x0000000093300000, 0x0000000093400000, 0x0000000093400000|100%| O|  |TAMS 0x0000000093400000, 0x0000000093400000| Untracked 
| 146|0x0000000093400000, 0x0000000093500000, 0x0000000093500000|100%| O|  |TAMS 0x0000000093500000, 0x0000000093500000| Untracked 
| 147|0x0000000093500000, 0x0000000093600000, 0x0000000093600000|100%| O|  |TAMS 0x0000000093600000, 0x0000000093600000| Untracked 
| 148|0x0000000093600000, 0x0000000093700000, 0x0000000093700000|100%| O|  |TAMS 0x0000000093700000, 0x0000000093700000| Untracked 
| 149|0x0000000093700000, 0x0000000093800000, 0x0000000093800000|100%| O|  |TAMS 0x0000000093800000, 0x0000000093800000| Untracked 
| 150|0x0000000093800000, 0x0000000093900000, 0x0000000093900000|100%| O|  |TAMS 0x0000000093900000, 0x0000000093900000| Untracked 
| 151|0x0000000093900000, 0x0000000093a00000, 0x0000000093a00000|100%| O|  |TAMS 0x0000000093a00000, 0x0000000093a00000| Untracked 
| 152|0x0000000093a00000, 0x0000000093b00000, 0x0000000093b00000|100%| O|  |TAMS 0x0000000093b00000, 0x0000000093b00000| Untracked 
| 153|0x0000000093b00000, 0x0000000093c00000, 0x0000000093c00000|100%| O|  |TAMS 0x0000000093c00000, 0x0000000093c00000| Untracked 
| 154|0x0000000093c00000, 0x0000000093d00000, 0x0000000093d00000|100%| O|  |TAMS 0x0000000093d00000, 0x0000000093d00000| Untracked 
| 155|0x0000000093d00000, 0x0000000093dffff0, 0x0000000093e00000| 99%| O|  |TAMS 0x0000000093dffff0, 0x0000000093dffff0| Untracked 
| 156|0x0000000093e00000, 0x0000000093f00000, 0x0000000093f00000|100%| O|  |TAMS 0x0000000093f00000, 0x0000000093f00000| Untracked 
| 157|0x0000000093f00000, 0x0000000094000000, 0x0000000094000000|100%| O|  |TAMS 0x0000000094000000, 0x0000000094000000| Untracked 
| 158|0x0000000094000000, 0x0000000094100000, 0x0000000094100000|100%| O|  |TAMS 0x0000000094100000, 0x0000000094100000| Untracked 
| 159|0x0000000094100000, 0x0000000094200000, 0x0000000094200000|100%| O|  |TAMS 0x0000000094200000, 0x0000000094200000| Untracked 
| 160|0x0000000094200000, 0x0000000094300000, 0x0000000094300000|100%| O|  |TAMS 0x0000000094300000, 0x0000000094300000| Untracked 
| 161|0x0000000094300000, 0x0000000094400000, 0x0000000094400000|100%| O|  |TAMS 0x0000000094400000, 0x0000000094400000| Untracked 
| 162|0x0000000094400000, 0x00000000944ff628, 0x0000000094500000| 99%| O|  |TAMS 0x00000000944ff628, 0x00000000944ff628| Untracked 
| 163|0x0000000094500000, 0x0000000094600000, 0x0000000094600000|100%| O|  |TAMS 0x0000000094600000, 0x0000000094600000| Untracked 
| 164|0x0000000094600000, 0x0000000094700000, 0x0000000094700000|100%| O|  |TAMS 0x0000000094700000, 0x0000000094700000| Untracked 
| 165|0x0000000094700000, 0x0000000094800000, 0x0000000094800000|100%| O|  |TAMS 0x0000000094800000, 0x0000000094800000| Untracked 
| 166|0x0000000094800000, 0x0000000094900000, 0x0000000094900000|100%| O|  |TAMS 0x0000000094900000, 0x0000000094900000| Untracked 
| 167|0x0000000094900000, 0x0000000094a00000, 0x0000000094a00000|100%| O|  |TAMS 0x0000000094a00000, 0x0000000094a00000| Untracked 
| 168|0x0000000094a00000, 0x0000000094b00000, 0x0000000094b00000|100%| O|  |TAMS 0x0000000094b00000, 0x0000000094b00000| Untracked 
| 169|0x0000000094b00000, 0x0000000094c00000, 0x0000000094c00000|100%| O|  |TAMS 0x0000000094c00000, 0x0000000094c00000| Untracked 
| 170|0x0000000094c00000, 0x0000000094d00000, 0x0000000094d00000|100%| O|  |TAMS 0x0000000094d00000, 0x0000000094d00000| Untracked 
| 171|0x0000000094d00000, 0x0000000094e00000, 0x0000000094e00000|100%| O|  |TAMS 0x0000000094e00000, 0x0000000094e00000| Untracked 
| 172|0x0000000094e00000, 0x0000000094f00000, 0x0000000094f00000|100%| O|  |TAMS 0x0000000094f00000, 0x0000000094f00000| Untracked 
| 173|0x0000000094f00000, 0x0000000095000000, 0x0000000095000000|100%| O|  |TAMS 0x0000000095000000, 0x0000000095000000| Untracked 
| 174|0x0000000095000000, 0x0000000095100000, 0x0000000095100000|100%| O|  |TAMS 0x0000000095100000, 0x0000000095100000| Untracked 
| 175|0x0000000095100000, 0x0000000095100000, 0x0000000095200000|  0%| F|  |TAMS 0x0000000095100000, 0x0000000095100000| Untracked 
| 176|0x0000000095200000, 0x0000000095300000, 0x0000000095300000|100%| O|  |TAMS 0x0000000095200000, 0x0000000095300000| Untracked 
| 177|0x0000000095300000, 0x0000000095400000, 0x0000000095400000|100%| O|  |TAMS 0x0000000095300000, 0x0000000095400000| Untracked 
| 178|0x0000000095400000, 0x0000000095500000, 0x0000000095500000|100%| O|  |TAMS 0x0000000095400000, 0x0000000095500000| Untracked 
| 179|0x0000000095500000, 0x0000000095600000, 0x0000000095600000|100%| O|  |TAMS 0x0000000095500000, 0x0000000095600000| Untracked 
| 180|0x0000000095600000, 0x0000000095700000, 0x0000000095700000|100%| O|  |TAMS 0x0000000095600000, 0x0000000095700000| Untracked 
| 181|0x0000000095700000, 0x0000000095700000, 0x0000000095800000|  0%| F|  |TAMS 0x0000000095700000, 0x0000000095700000| Untracked 
| 182|0x0000000095800000, 0x0000000095800000, 0x0000000095900000|  0%| F|  |TAMS 0x0000000095800000, 0x0000000095800000| Untracked 
| 183|0x0000000095900000, 0x0000000095900000, 0x0000000095a00000|  0%| F|  |TAMS 0x0000000095900000, 0x0000000095900000| Untracked 
| 184|0x0000000095a00000, 0x0000000095a00000, 0x0000000095b00000|  0%| F|  |TAMS 0x0000000095a00000, 0x0000000095a00000| Untracked 
| 185|0x0000000095b00000, 0x0000000095b00000, 0x0000000095c00000|  0%| F|  |TAMS 0x0000000095b00000, 0x0000000095b00000| Untracked 
| 186|0x0000000095c00000, 0x0000000095c00000, 0x0000000095d00000|  0%| F|  |TAMS 0x0000000095c00000, 0x0000000095c00000| Untracked 
| 187|0x0000000095d00000, 0x0000000095d00000, 0x0000000095e00000|  0%| F|  |TAMS 0x0000000095d00000, 0x0000000095d00000| Untracked 
| 188|0x0000000095e00000, 0x0000000095e00000, 0x0000000095f00000|  0%| F|  |TAMS 0x0000000095e00000, 0x0000000095e00000| Untracked 
| 189|0x0000000095f00000, 0x0000000095f00000, 0x0000000096000000|  0%| F|  |TAMS 0x0000000095f00000, 0x0000000095f00000| Untracked 
| 190|0x0000000096000000, 0x0000000096000000, 0x0000000096100000|  0%| F|  |TAMS 0x0000000096000000, 0x0000000096000000| Untracked 
| 191|0x0000000096100000, 0x0000000096100000, 0x0000000096200000|  0%| F|  |TAMS 0x0000000096100000, 0x0000000096100000| Untracked 
| 192|0x0000000096200000, 0x0000000096200000, 0x0000000096300000|  0%| F|  |TAMS 0x0000000096200000, 0x0000000096200000| Untracked 
| 193|0x0000000096300000, 0x0000000096300000, 0x0000000096400000|  0%| F|  |TAMS 0x0000000096300000, 0x0000000096300000| Untracked 
| 194|0x0000000096400000, 0x0000000096400000, 0x0000000096500000|  0%| F|  |TAMS 0x0000000096400000, 0x0000000096400000| Untracked 
| 195|0x0000000096500000, 0x0000000096500000, 0x0000000096600000|  0%| F|  |TAMS 0x0000000096500000, 0x0000000096500000| Untracked 
| 196|0x0000000096600000, 0x0000000096600000, 0x0000000096700000|  0%| F|  |TAMS 0x0000000096600000, 0x0000000096600000| Untracked 
| 197|0x0000000096700000, 0x0000000096700000, 0x0000000096800000|  0%| F|  |TAMS 0x0000000096700000, 0x0000000096700000| Untracked 
| 198|0x0000000096800000, 0x0000000096800000, 0x0000000096900000|  0%| F|  |TAMS 0x0000000096800000, 0x0000000096800000| Untracked 
| 199|0x0000000096900000, 0x0000000096900000, 0x0000000096a00000|  0%| F|  |TAMS 0x0000000096900000, 0x0000000096900000| Untracked 
| 200|0x0000000096a00000, 0x0000000096a00000, 0x0000000096b00000|  0%| F|  |TAMS 0x0000000096a00000, 0x0000000096a00000| Untracked 
| 201|0x0000000096b00000, 0x0000000096b00000, 0x0000000096c00000|  0%| F|  |TAMS 0x0000000096b00000, 0x0000000096b00000| Untracked 
| 202|0x0000000096c00000, 0x0000000096c00000, 0x0000000096d00000|  0%| F|  |TAMS 0x0000000096c00000, 0x0000000096c00000| Untracked 
| 203|0x0000000096d00000, 0x0000000096d00000, 0x0000000096e00000|  0%| F|  |TAMS 0x0000000096d00000, 0x0000000096d00000| Untracked 
| 204|0x0000000096e00000, 0x0000000096e00000, 0x0000000096f00000|  0%| F|  |TAMS 0x0000000096e00000, 0x0000000096e00000| Untracked 
| 205|0x0000000096f00000, 0x0000000096f00000, 0x0000000097000000|  0%| F|  |TAMS 0x0000000096f00000, 0x0000000096f00000| Untracked 
| 206|0x0000000097000000, 0x0000000097000000, 0x0000000097100000|  0%| F|  |TAMS 0x0000000097000000, 0x0000000097000000| Untracked 
| 207|0x0000000097100000, 0x0000000097100000, 0x0000000097200000|  0%| F|  |TAMS 0x0000000097100000, 0x0000000097100000| Untracked 
| 208|0x0000000097200000, 0x0000000097200000, 0x0000000097300000|  0%| F|  |TAMS 0x0000000097200000, 0x0000000097200000| Untracked 
| 209|0x0000000097300000, 0x0000000097300000, 0x0000000097400000|  0%| F|  |TAMS 0x0000000097300000, 0x0000000097300000| Untracked 
| 210|0x0000000097400000, 0x0000000097400000, 0x0000000097500000|  0%| F|  |TAMS 0x0000000097400000, 0x0000000097400000| Untracked 
| 211|0x0000000097500000, 0x0000000097500000, 0x0000000097600000|  0%| F|  |TAMS 0x0000000097500000, 0x0000000097500000| Untracked 
| 212|0x0000000097600000, 0x0000000097600000, 0x0000000097700000|  0%| F|  |TAMS 0x0000000097600000, 0x0000000097600000| Untracked 
| 213|0x0000000097700000, 0x0000000097700000, 0x0000000097800000|  0%| F|  |TAMS 0x0000000097700000, 0x0000000097700000| Untracked 
| 214|0x0000000097800000, 0x0000000097800000, 0x0000000097900000|  0%| F|  |TAMS 0x0000000097800000, 0x0000000097800000| Untracked 
| 215|0x0000000097900000, 0x0000000097900000, 0x0000000097a00000|  0%| F|  |TAMS 0x0000000097900000, 0x0000000097900000| Untracked 
| 216|0x0000000097a00000, 0x0000000097a00000, 0x0000000097b00000|  0%| F|  |TAMS 0x0000000097a00000, 0x0000000097a00000| Untracked 
| 217|0x0000000097b00000, 0x0000000097b00000, 0x0000000097c00000|  0%| F|  |TAMS 0x0000000097b00000, 0x0000000097b00000| Untracked 
| 218|0x0000000097c00000, 0x0000000097c00000, 0x0000000097d00000|  0%| F|  |TAMS 0x0000000097c00000, 0x0000000097c00000| Untracked 
| 219|0x0000000097d00000, 0x0000000097dfb030, 0x0000000097e00000| 98%| S|CS|TAMS 0x0000000097d00000, 0x0000000097d00000| Complete 
| 220|0x0000000097e00000, 0x0000000097f00000, 0x0000000097f00000|100%| S|CS|TAMS 0x0000000097e00000, 0x0000000097e00000| Complete 
| 221|0x0000000097f00000, 0x0000000098000000, 0x0000000098000000|100%| S|CS|TAMS 0x0000000097f00000, 0x0000000097f00000| Complete 
| 222|0x0000000098000000, 0x0000000098100000, 0x0000000098100000|100%| S|CS|TAMS 0x0000000098000000, 0x0000000098000000| Complete 
| 223|0x0000000098100000, 0x0000000098200000, 0x0000000098200000|100%| S|CS|TAMS 0x0000000098100000, 0x0000000098100000| Complete 
| 224|0x0000000098200000, 0x0000000098300000, 0x0000000098300000|100%| S|CS|TAMS 0x0000000098200000, 0x0000000098200000| Complete 
| 225|0x0000000098300000, 0x0000000098400000, 0x0000000098400000|100%| S|CS|TAMS 0x0000000098300000, 0x0000000098300000| Complete 
| 226|0x0000000098400000, 0x0000000098500000, 0x0000000098500000|100%| S|CS|TAMS 0x0000000098400000, 0x0000000098400000| Complete 
| 227|0x0000000098500000, 0x0000000098600000, 0x0000000098600000|100%| S|CS|TAMS 0x0000000098500000, 0x0000000098500000| Complete 
| 228|0x0000000098600000, 0x0000000098700000, 0x0000000098700000|100%| S|CS|TAMS 0x0000000098600000, 0x0000000098600000| Complete 
| 229|0x0000000098700000, 0x0000000098800000, 0x0000000098800000|100%| S|CS|TAMS 0x0000000098700000, 0x0000000098700000| Complete 
| 230|0x0000000098800000, 0x0000000098800000, 0x0000000098900000|  0%| F|  |TAMS 0x0000000098800000, 0x0000000098800000| Untracked 
| 231|0x0000000098900000, 0x0000000098900000, 0x0000000098a00000|  0%| F|  |TAMS 0x0000000098900000, 0x0000000098900000| Untracked 
| 232|0x0000000098a00000, 0x0000000098a00000, 0x0000000098b00000|  0%| F|  |TAMS 0x0000000098a00000, 0x0000000098a00000| Untracked 
| 233|0x0000000098b00000, 0x0000000098b00000, 0x0000000098c00000|  0%| F|  |TAMS 0x0000000098b00000, 0x0000000098b00000| Untracked 
| 234|0x0000000098c00000, 0x0000000098c00000, 0x0000000098d00000|  0%| F|  |TAMS 0x0000000098c00000, 0x0000000098c00000| Untracked 
| 235|0x0000000098d00000, 0x0000000098d00000, 0x0000000098e00000|  0%| F|  |TAMS 0x0000000098d00000, 0x0000000098d00000| Untracked 
| 236|0x0000000098e00000, 0x0000000098e00000, 0x0000000098f00000|  0%| F|  |TAMS 0x0000000098e00000, 0x0000000098e00000| Untracked 
| 237|0x0000000098f00000, 0x0000000098f00000, 0x0000000099000000|  0%| F|  |TAMS 0x0000000098f00000, 0x0000000098f00000| Untracked 
| 238|0x0000000099000000, 0x0000000099000000, 0x0000000099100000|  0%| F|  |TAMS 0x0000000099000000, 0x0000000099000000| Untracked 
| 239|0x0000000099100000, 0x0000000099100000, 0x0000000099200000|  0%| F|  |TAMS 0x0000000099100000, 0x0000000099100000| Untracked 
| 240|0x0000000099200000, 0x0000000099200000, 0x0000000099300000|  0%| F|  |TAMS 0x0000000099200000, 0x0000000099200000| Untracked 
| 241|0x0000000099300000, 0x0000000099300000, 0x0000000099400000|  0%| F|  |TAMS 0x0000000099300000, 0x0000000099300000| Untracked 
| 242|0x0000000099400000, 0x0000000099400000, 0x0000000099500000|  0%| F|  |TAMS 0x0000000099400000, 0x0000000099400000| Untracked 
| 243|0x0000000099500000, 0x0000000099500000, 0x0000000099600000|  0%| F|  |TAMS 0x0000000099500000, 0x0000000099500000| Untracked 
| 244|0x0000000099600000, 0x0000000099600000, 0x0000000099700000|  0%| F|  |TAMS 0x0000000099600000, 0x0000000099600000| Untracked 
| 245|0x0000000099700000, 0x0000000099700000, 0x0000000099800000|  0%| F|  |TAMS 0x0000000099700000, 0x0000000099700000| Untracked 
| 246|0x0000000099800000, 0x0000000099800000, 0x0000000099900000|  0%| F|  |TAMS 0x0000000099800000, 0x0000000099800000| Untracked 
| 247|0x0000000099900000, 0x0000000099900000, 0x0000000099a00000|  0%| F|  |TAMS 0x0000000099900000, 0x0000000099900000| Untracked 
| 248|0x0000000099a00000, 0x0000000099a00000, 0x0000000099b00000|  0%| F|  |TAMS 0x0000000099a00000, 0x0000000099a00000| Untracked 
| 249|0x0000000099b00000, 0x0000000099b00000, 0x0000000099c00000|  0%| F|  |TAMS 0x0000000099b00000, 0x0000000099b00000| Untracked 
| 250|0x0000000099c00000, 0x0000000099c00000, 0x0000000099d00000|  0%| F|  |TAMS 0x0000000099c00000, 0x0000000099c00000| Untracked 
| 251|0x0000000099d00000, 0x0000000099d00000, 0x0000000099e00000|  0%| F|  |TAMS 0x0000000099d00000, 0x0000000099d00000| Untracked 
| 252|0x0000000099e00000, 0x0000000099e00000, 0x0000000099f00000|  0%| F|  |TAMS 0x0000000099e00000, 0x0000000099e00000| Untracked 
| 253|0x0000000099f00000, 0x0000000099f00000, 0x000000009a000000|  0%| F|  |TAMS 0x0000000099f00000, 0x0000000099f00000| Untracked 
| 254|0x000000009a000000, 0x000000009a000000, 0x000000009a100000|  0%| F|  |TAMS 0x000000009a000000, 0x000000009a000000| Untracked 
| 255|0x000000009a100000, 0x000000009a100000, 0x000000009a200000|  0%| F|  |TAMS 0x000000009a100000, 0x000000009a100000| Untracked 
| 256|0x000000009a200000, 0x000000009a200000, 0x000000009a300000|  0%| F|  |TAMS 0x000000009a200000, 0x000000009a200000| Untracked 
| 257|0x000000009a300000, 0x000000009a300000, 0x000000009a400000|  0%| F|  |TAMS 0x000000009a300000, 0x000000009a300000| Untracked 
| 258|0x000000009a400000, 0x000000009a400000, 0x000000009a500000|  0%| F|  |TAMS 0x000000009a400000, 0x000000009a400000| Untracked 
| 259|0x000000009a500000, 0x000000009a500000, 0x000000009a600000|  0%| F|  |TAMS 0x000000009a500000, 0x000000009a500000| Untracked 
| 260|0x000000009a600000, 0x000000009a600000, 0x000000009a700000|  0%| F|  |TAMS 0x000000009a600000, 0x000000009a600000| Untracked 
| 261|0x000000009a700000, 0x000000009a700000, 0x000000009a800000|  0%| F|  |TAMS 0x000000009a700000, 0x000000009a700000| Untracked 
| 262|0x000000009a800000, 0x000000009a800000, 0x000000009a900000|  0%| F|  |TAMS 0x000000009a800000, 0x000000009a800000| Untracked 
| 263|0x000000009a900000, 0x000000009a900000, 0x000000009aa00000|  0%| F|  |TAMS 0x000000009a900000, 0x000000009a900000| Untracked 
| 264|0x000000009aa00000, 0x000000009aa00000, 0x000000009ab00000|  0%| F|  |TAMS 0x000000009aa00000, 0x000000009aa00000| Untracked 
| 265|0x000000009ab00000, 0x000000009ab00000, 0x000000009ac00000|  0%| F|  |TAMS 0x000000009ab00000, 0x000000009ab00000| Untracked 
| 266|0x000000009ac00000, 0x000000009ac00000, 0x000000009ad00000|  0%| F|  |TAMS 0x000000009ac00000, 0x000000009ac00000| Untracked 
| 267|0x000000009ad00000, 0x000000009ad00000, 0x000000009ae00000|  0%| F|  |TAMS 0x000000009ad00000, 0x000000009ad00000| Untracked 
| 268|0x000000009ae00000, 0x000000009ae00000, 0x000000009af00000|  0%| F|  |TAMS 0x000000009ae00000, 0x000000009ae00000| Untracked 
| 269|0x000000009af00000, 0x000000009af00000, 0x000000009b000000|  0%| F|  |TAMS 0x000000009af00000, 0x000000009af00000| Untracked 
| 270|0x000000009b000000, 0x000000009b000000, 0x000000009b100000|  0%| F|  |TAMS 0x000000009b000000, 0x000000009b000000| Untracked 
| 271|0x000000009b100000, 0x000000009b100000, 0x000000009b200000|  0%| F|  |TAMS 0x000000009b100000, 0x000000009b100000| Untracked 
| 272|0x000000009b200000, 0x000000009b200000, 0x000000009b300000|  0%| F|  |TAMS 0x000000009b200000, 0x000000009b200000| Untracked 
| 273|0x000000009b300000, 0x000000009b300000, 0x000000009b400000|  0%| F|  |TAMS 0x000000009b300000, 0x000000009b300000| Untracked 
| 274|0x000000009b400000, 0x000000009b400000, 0x000000009b500000|  0%| F|  |TAMS 0x000000009b400000, 0x000000009b400000| Untracked 
| 275|0x000000009b500000, 0x000000009b500000, 0x000000009b600000|  0%| F|  |TAMS 0x000000009b500000, 0x000000009b500000| Untracked 
| 276|0x000000009b600000, 0x000000009b600000, 0x000000009b700000|  0%| F|  |TAMS 0x000000009b600000, 0x000000009b600000| Untracked 
| 277|0x000000009b700000, 0x000000009b700000, 0x000000009b800000|  0%| F|  |TAMS 0x000000009b700000, 0x000000009b700000| Untracked 
| 278|0x000000009b800000, 0x000000009b800000, 0x000000009b900000|  0%| F|  |TAMS 0x000000009b800000, 0x000000009b800000| Untracked 
| 279|0x000000009b900000, 0x000000009b900000, 0x000000009ba00000|  0%| F|  |TAMS 0x000000009b900000, 0x000000009b900000| Untracked 
| 280|0x000000009ba00000, 0x000000009ba00000, 0x000000009bb00000|  0%| F|  |TAMS 0x000000009ba00000, 0x000000009ba00000| Untracked 
| 281|0x000000009bb00000, 0x000000009bb00000, 0x000000009bc00000|  0%| F|  |TAMS 0x000000009bb00000, 0x000000009bb00000| Untracked 
| 282|0x000000009bc00000, 0x000000009bc00000, 0x000000009bd00000|  0%| F|  |TAMS 0x000000009bc00000, 0x000000009bc00000| Untracked 
| 283|0x000000009bd00000, 0x000000009bd00000, 0x000000009be00000|  0%| F|  |TAMS 0x000000009bd00000, 0x000000009bd00000| Untracked 
| 284|0x000000009be00000, 0x000000009be00000, 0x000000009bf00000|  0%| F|  |TAMS 0x000000009be00000, 0x000000009be00000| Untracked 
| 285|0x000000009bf00000, 0x000000009bf00000, 0x000000009c000000|  0%| F|  |TAMS 0x000000009bf00000, 0x000000009bf00000| Untracked 
| 286|0x000000009c000000, 0x000000009c000000, 0x000000009c100000|  0%| F|  |TAMS 0x000000009c000000, 0x000000009c000000| Untracked 
| 287|0x000000009c100000, 0x000000009c100000, 0x000000009c200000|  0%| F|  |TAMS 0x000000009c100000, 0x000000009c100000| Untracked 
| 288|0x000000009c200000, 0x000000009c200000, 0x000000009c300000|  0%| F|  |TAMS 0x000000009c200000, 0x000000009c200000| Untracked 
| 289|0x000000009c300000, 0x000000009c300000, 0x000000009c400000|  0%| F|  |TAMS 0x000000009c300000, 0x000000009c300000| Untracked 
| 290|0x000000009c400000, 0x000000009c400000, 0x000000009c500000|  0%| F|  |TAMS 0x000000009c400000, 0x000000009c400000| Untracked 
| 291|0x000000009c500000, 0x000000009c500000, 0x000000009c600000|  0%| F|  |TAMS 0x000000009c500000, 0x000000009c500000| Untracked 
| 292|0x000000009c600000, 0x000000009c600000, 0x000000009c700000|  0%| F|  |TAMS 0x000000009c600000, 0x000000009c600000| Untracked 
| 293|0x000000009c700000, 0x000000009c700000, 0x000000009c800000|  0%| F|  |TAMS 0x000000009c700000, 0x000000009c700000| Untracked 
| 294|0x000000009c800000, 0x000000009c800000, 0x000000009c900000|  0%| F|  |TAMS 0x000000009c800000, 0x000000009c800000| Untracked 
| 295|0x000000009c900000, 0x000000009c900000, 0x000000009ca00000|  0%| F|  |TAMS 0x000000009c900000, 0x000000009c900000| Untracked 
| 296|0x000000009ca00000, 0x000000009ca00000, 0x000000009cb00000|  0%| F|  |TAMS 0x000000009ca00000, 0x000000009ca00000| Untracked 
| 297|0x000000009cb00000, 0x000000009cb00000, 0x000000009cc00000|  0%| F|  |TAMS 0x000000009cb00000, 0x000000009cb00000| Untracked 
| 298|0x000000009cc00000, 0x000000009cc00000, 0x000000009cd00000|  0%| F|  |TAMS 0x000000009cc00000, 0x000000009cc00000| Untracked 
| 299|0x000000009cd00000, 0x000000009cd00000, 0x000000009ce00000|  0%| F|  |TAMS 0x000000009cd00000, 0x000000009cd00000| Untracked 
| 300|0x000000009ce00000, 0x000000009ce00000, 0x000000009cf00000|  0%| F|  |TAMS 0x000000009ce00000, 0x000000009ce00000| Untracked 
| 301|0x000000009cf00000, 0x000000009cf00000, 0x000000009d000000|  0%| F|  |TAMS 0x000000009cf00000, 0x000000009cf00000| Untracked 
| 302|0x000000009d000000, 0x000000009d000000, 0x000000009d100000|  0%| F|  |TAMS 0x000000009d000000, 0x000000009d000000| Untracked 
| 303|0x000000009d100000, 0x000000009d100000, 0x000000009d200000|  0%| F|  |TAMS 0x000000009d100000, 0x000000009d100000| Untracked 
| 304|0x000000009d200000, 0x000000009d200000, 0x000000009d300000|  0%| F|  |TAMS 0x000000009d200000, 0x000000009d200000| Untracked 
| 305|0x000000009d300000, 0x000000009d300000, 0x000000009d400000|  0%| F|  |TAMS 0x000000009d300000, 0x000000009d300000| Untracked 
| 306|0x000000009d400000, 0x000000009d400000, 0x000000009d500000|  0%| F|  |TAMS 0x000000009d400000, 0x000000009d400000| Untracked 
| 307|0x000000009d500000, 0x000000009d500000, 0x000000009d600000|  0%| F|  |TAMS 0x000000009d500000, 0x000000009d500000| Untracked 
| 308|0x000000009d600000, 0x000000009d600000, 0x000000009d700000|  0%| F|  |TAMS 0x000000009d600000, 0x000000009d600000| Untracked 
| 309|0x000000009d700000, 0x000000009d700000, 0x000000009d800000|  0%| F|  |TAMS 0x000000009d700000, 0x000000009d700000| Untracked 
| 310|0x000000009d800000, 0x000000009d800000, 0x000000009d900000|  0%| F|  |TAMS 0x000000009d800000, 0x000000009d800000| Untracked 
| 311|0x000000009d900000, 0x000000009d900000, 0x000000009da00000|  0%| F|  |TAMS 0x000000009d900000, 0x000000009d900000| Untracked 
| 312|0x000000009da00000, 0x000000009da00000, 0x000000009db00000|  0%| F|  |TAMS 0x000000009da00000, 0x000000009da00000| Untracked 
| 313|0x000000009db00000, 0x000000009db00000, 0x000000009dc00000|  0%| F|  |TAMS 0x000000009db00000, 0x000000009db00000| Untracked 
| 314|0x000000009dc00000, 0x000000009dc00000, 0x000000009dd00000|  0%| F|  |TAMS 0x000000009dc00000, 0x000000009dc00000| Untracked 
| 315|0x000000009dd00000, 0x000000009dd00000, 0x000000009de00000|  0%| F|  |TAMS 0x000000009dd00000, 0x000000009dd00000| Untracked 
| 316|0x000000009de00000, 0x000000009de00000, 0x000000009df00000|  0%| F|  |TAMS 0x000000009de00000, 0x000000009de00000| Untracked 
| 317|0x000000009df00000, 0x000000009df00000, 0x000000009e000000|  0%| F|  |TAMS 0x000000009df00000, 0x000000009df00000| Untracked 
| 318|0x000000009e000000, 0x000000009e000000, 0x000000009e100000|  0%| F|  |TAMS 0x000000009e000000, 0x000000009e000000| Untracked 
| 319|0x000000009e100000, 0x000000009e100000, 0x000000009e200000|  0%| F|  |TAMS 0x000000009e100000, 0x000000009e100000| Untracked 
| 320|0x000000009e200000, 0x000000009e200000, 0x000000009e300000|  0%| F|  |TAMS 0x000000009e200000, 0x000000009e200000| Untracked 
| 321|0x000000009e300000, 0x000000009e300000, 0x000000009e400000|  0%| F|  |TAMS 0x000000009e300000, 0x000000009e300000| Untracked 
| 322|0x000000009e400000, 0x000000009e400000, 0x000000009e500000|  0%| F|  |TAMS 0x000000009e400000, 0x000000009e400000| Untracked 
| 323|0x000000009e500000, 0x000000009e500000, 0x000000009e600000|  0%| F|  |TAMS 0x000000009e500000, 0x000000009e500000| Untracked 
| 324|0x000000009e600000, 0x000000009e600000, 0x000000009e700000|  0%| F|  |TAMS 0x000000009e600000, 0x000000009e600000| Untracked 
| 325|0x000000009e700000, 0x000000009e700000, 0x000000009e800000|  0%| F|  |TAMS 0x000000009e700000, 0x000000009e700000| Untracked 
| 326|0x000000009e800000, 0x000000009e800000, 0x000000009e900000|  0%| F|  |TAMS 0x000000009e800000, 0x000000009e800000| Untracked 
| 327|0x000000009e900000, 0x000000009e900000, 0x000000009ea00000|  0%| F|  |TAMS 0x000000009e900000, 0x000000009e900000| Untracked 
| 328|0x000000009ea00000, 0x000000009ea00000, 0x000000009eb00000|  0%| F|  |TAMS 0x000000009ea00000, 0x000000009ea00000| Untracked 
| 329|0x000000009eb00000, 0x000000009eb00000, 0x000000009ec00000|  0%| F|  |TAMS 0x000000009eb00000, 0x000000009eb00000| Untracked 
| 330|0x000000009ec00000, 0x000000009ec00000, 0x000000009ed00000|  0%| F|  |TAMS 0x000000009ec00000, 0x000000009ec00000| Untracked 
| 331|0x000000009ed00000, 0x000000009ed00000, 0x000000009ee00000|  0%| F|  |TAMS 0x000000009ed00000, 0x000000009ed00000| Untracked 
| 332|0x000000009ee00000, 0x000000009ee00000, 0x000000009ef00000|  0%| F|  |TAMS 0x000000009ee00000, 0x000000009ee00000| Untracked 
| 333|0x000000009ef00000, 0x000000009ef00000, 0x000000009f000000|  0%| F|  |TAMS 0x000000009ef00000, 0x000000009ef00000| Untracked 
| 334|0x000000009f000000, 0x000000009f000000, 0x000000009f100000|  0%| F|  |TAMS 0x000000009f000000, 0x000000009f000000| Untracked 

Card table byte_map: [0x000001e4be620000,0x000001e4be9d0000] _byte_map_base: 0x000001e4be1cf000

Marking Bits (Prev, Next): (CMBitMap*) 0x000001e4a790d9a0, (CMBitMap*) 0x000001e4a790d9e0
 Prev Bits: [0x000001e4bed80000, 0x000001e4c0af8000)
 Next Bits: [0x000001e4c0b00000, 0x000001e4c2878000)

Polling page: 0x000001e4a7070000

Metaspace:

Usage:
  Non-class:    116.92 MB used.
      Class:     16.47 MB used.
       Both:    133.38 MB used.

Virtual space:
  Non-class space:      128.00 MB reserved,     117.81 MB ( 92%) committed,  2 nodes.
      Class space:        1.00 GB reserved,      17.31 MB (  2%) committed,  1 nodes.
             Both:        1.12 GB reserved,     135.12 MB ( 12%) committed. 

Chunk freelists:
   Non-Class:  9.72 MB
       Class:  14.70 MB
        Both:  24.42 MB

MaxMetaspaceSize: unlimited
CompressedClassSpaceSize: 1.00 GB
Initial GC threshold: 21.00 MB
Current GC threshold: 225.25 MB
CDS: on
MetaspaceReclaimPolicy: balanced
 - commit_granule_bytes: 65536.
 - commit_granule_words: 8192.
 - virtual_space_node_default_size: 8388608.
 - enlarge_chunks_in_place: 1.
 - new_chunks_are_fully_committed: 0.
 - uncommit_free_chunks: 1.
 - use_allocation_guard: 0.
 - handle_deallocations: 1.


Internal statistics:

num_allocs_failed_limit: 9.
num_arena_births: 3560.
num_arena_deaths: 928.
num_vsnodes_births: 3.
num_vsnodes_deaths: 0.
num_space_committed: 2162.
num_space_uncommitted: 0.
num_chunks_returned_to_freelist: 1154.
num_chunks_taken_from_freelist: 10663.
num_chunk_merges: 319.
num_chunk_splits: 6111.
num_chunks_enlarged: 3452.
num_inconsistent_stats: 0.

CodeHeap 'non-profiled nmethods': size=120000Kb used=21710Kb max_used=21710Kb free=98289Kb
 bounds [0x000001e4b6c30000, 0x000001e4b8170000, 0x000001e4be160000]
CodeHeap 'profiled nmethods': size=120000Kb used=43618Kb max_used=44843Kb free=76381Kb
 bounds [0x000001e4af160000, 0x000001e4b1d30000, 0x000001e4b6690000]
CodeHeap 'non-nmethods': size=5760Kb used=1408Kb max_used=1495Kb free=4351Kb
 bounds [0x000001e4b6690000, 0x000001e4b6900000, 0x000001e4b6c30000]
 total_blobs=22264 nmethods=21515 adapters=660
 compilation: enabled
              stopped_count=0, restarted_count=0
 full_count=0

Compilation events (20 events):
Event: 6093.992 Thread 0x000001e4c5070080 28343       3       org.hibernate.query.spi.AbstractSelectionQuery::setComment (8 bytes)
Event: 6093.992 Thread 0x000001e4c5070080 nmethod 28343 0x000001e4b0049d90 code [0x000001e4b0049f40, 0x000001e4b004a1d8]
Event: 6093.992 Thread 0x000001e4c5070080 28344       3       org.hibernate.query.spi.AbstractCommonQueryContract::setComment (12 bytes)
Event: 6093.992 Thread 0x000001e4c5070080 nmethod 28344 0x000001e4b0134c90 code [0x000001e4b0134e20, 0x000001e4b0135058]
Event: 6093.993 Thread 0x000001e50cd65c80 nmethod 28340 0x000001e4b815e010 code [0x000001e4b815e1c0, 0x000001e4b815e858]
Event: 6093.993 Thread 0x000001e4c506e6b0 nmethod 28341 0x000001e4b815eb90 code [0x000001e4b815ed40, 0x000001e4b815f418]
Event: 6094.002 Thread 0x000001e4c506e6b0 28345   !   4       org.springframework.beans.TypeConverterDelegate::convertIfNecessary (956 bytes)
Event: 6094.037 Thread 0x000001e4c5070080 28346       3       org.springframework.boot.diagnostics.AbstractFailureAnalyzer::<init> (5 bytes)
Event: 6094.037 Thread 0x000001e4c5070080 nmethod 28346 0x000001e4afecb690 code [0x000001e4afecb820, 0x000001e4afecb978]
Event: 6094.043 Thread 0x000001e4c5070080 28347       3       org.springframework.boot.diagnostics.AbstractFailureAnalyzer::analyze (25 bytes)
Event: 6094.043 Thread 0x000001e4c506e6b0 nmethod 28345 0x000001e4b815f790 code [0x000001e4b815fae0, 0x000001e4b8161f68]
Event: 6094.043 Thread 0x000001e4c5070080 nmethod 28347 0x000001e4b016fd10 code [0x000001e4b016ff20, 0x000001e4b0170818]
Event: 6094.043 Thread 0x000001e4c5070080 28348       3       org.springframework.boot.diagnostics.AbstractFailureAnalyzer::getCauseType (16 bytes)
Event: 6094.044 Thread 0x000001e4c5070080 nmethod 28348 0x000001e4b004c490 code [0x000001e4b004c6a0, 0x000001e4b004cdf8]
Event: 6094.046 Thread 0x000001e4c5070080 28349       3       ch.qos.logback.classic.spi.ThrowableProxyUtil::subjoinPackagingData (64 bytes)
Event: 6094.046 Thread 0x000001e4c5070080 nmethod 28349 0x000001e4afd2f190 code [0x000001e4afd2f3c0, 0x000001e4afd2f9b8]
Event: 6149.542 Thread 0x000001e4c5070080 28350       3       org.springframework.boot.convert.ApplicationConversionService::addConverterFactory (10 bytes)
Event: 6149.543 Thread 0x000001e4c5070080 nmethod 28350 0x000001e4aff66310 code [0x000001e4aff664e0, 0x000001e4aff66798]
Event: 6149.557 Thread 0x000001e4c5070080 28351       3       ch.qos.logback.core.subst.Parser::makeNewLiteralNode (12 bytes)
Event: 6149.557 Thread 0x000001e4c5070080 nmethod 28351 0x000001e4b00e9a90 code [0x000001e4b00e9c40, 0x000001e4b00e9f38]

GC Heap History (20 events):
Event: 6009.407 GC heap after
{Heap after GC invocations=208 (full 26):
 garbage-first heap   total 324608K, used 153745K [0x000000008a200000, 0x0000000100000000)
  region size 1024K, 2 young (2048K), 2 survivors (2048K)
 Metaspace       used 135819K, committed 137600K, reserved 1179648K
  class space    used 16784K, committed 17664K, reserved 1048576K
}
Event: 6071.798 GC heap before
{Heap before GC invocations=208 (full 26):
 garbage-first heap   total 324608K, used 272529K [0x000000008a200000, 0x0000000100000000)
  region size 1024K, 118 young (120832K), 2 survivors (2048K)
 Metaspace       used 135819K, committed 137600K, reserved 1179648K
  class space    used 16784K, committed 17664K, reserved 1048576K
}
Event: 6071.800 GC heap after
{Heap after GC invocations=209 (full 26):
 garbage-first heap   total 324608K, used 152898K [0x000000008a200000, 0x0000000100000000)
  region size 1024K, 1 young (1024K), 1 survivors (1024K)
 Metaspace       used 135819K, committed 137600K, reserved 1179648K
  class space    used 16784K, committed 17664K, reserved 1048576K
}
Event: 6091.725 GC heap before
{Heap before GC invocations=210 (full 26):
 garbage-first heap   total 324608K, used 274754K [0x000000008a200000, 0x0000000100000000)
  region size 1024K, 121 young (123904K), 1 survivors (1024K)
 Metaspace       used 135830K, committed 137600K, reserved 1179648K
  class space    used 16786K, committed 17664K, reserved 1048576K
}
Event: 6091.740 GC heap after
{Heap after GC invocations=211 (full 26):
 garbage-first heap   total 324608K, used 162252K [0x000000008a200000, 0x0000000100000000)
  region size 1024K, 10 young (10240K), 10 survivors (10240K)
 Metaspace       used 135830K, committed 137600K, reserved 1179648K
  class space    used 16786K, committed 17664K, reserved 1048576K
}
Event: 6091.746 GC heap before
{Heap before GC invocations=211 (full 26):
 garbage-first heap   total 324608K, used 166348K [0x000000008a200000, 0x0000000100000000)
  region size 1024K, 15 young (15360K), 10 survivors (10240K)
 Metaspace       used 135830K, committed 137600K, reserved 1179648K
  class space    used 16786K, committed 17664K, reserved 1048576K
}
Event: 6091.768 GC heap after
{Heap after GC invocations=212 (full 26):
 garbage-first heap   total 324608K, used 163226K [0x000000008a200000, 0x0000000100000000)
  region size 1024K, 2 young (2048K), 2 survivors (2048K)
 Metaspace       used 135830K, committed 137600K, reserved 1179648K
  class space    used 16786K, committed 17664K, reserved 1048576K
}
Event: 6092.005 GC heap before
{Heap before GC invocations=212 (full 26):
 garbage-first heap   total 324608K, used 272794K [0x000000008a200000, 0x0000000100000000)
  region size 1024K, 109 young (111616K), 2 survivors (2048K)
 Metaspace       used 135830K, committed 137600K, reserved 1179648K
  class space    used 16786K, committed 17664K, reserved 1048576K
}
Event: 6092.016 GC heap after
{Heap after GC invocations=213 (full 26):
 garbage-first heap   total 324608K, used 173041K [0x000000008a200000, 0x0000000100000000)
  region size 1024K, 12 young (12288K), 12 survivors (12288K)
 Metaspace       used 135830K, committed 137600K, reserved 1179648K
  class space    used 16786K, committed 17664K, reserved 1048576K
}
Event: 6092.857 GC heap before
{Heap before GC invocations=214 (full 26):
 garbage-first heap   total 343040K, used 269297K [0x000000008a200000, 0x0000000100000000)
  region size 1024K, 108 young (110592K), 12 survivors (12288K)
 Metaspace       used 136094K, committed 137856K, reserved 1179648K
  class space    used 16820K, committed 17664K, reserved 1048576K
}
Event: 6092.882 GC heap after
{Heap after GC invocations=215 (full 26):
 garbage-first heap   total 343040K, used 179830K [0x000000008a200000, 0x0000000100000000)
  region size 1024K, 9 young (9216K), 9 survivors (9216K)
 Metaspace       used 136094K, committed 137856K, reserved 1179648K
  class space    used 16820K, committed 17664K, reserved 1048576K
}
Event: 6092.937 GC heap before
{Heap before GC invocations=215 (full 26):
 garbage-first heap   total 343040K, used 186998K [0x000000008a200000, 0x0000000100000000)
  region size 1024K, 16 young (16384K), 9 survivors (9216K)
 Metaspace       used 136101K, committed 137856K, reserved 1179648K
  class space    used 16820K, committed 17664K, reserved 1048576K
}
Event: 6092.950 GC heap after
{Heap after GC invocations=216 (full 26):
 garbage-first heap   total 343040K, used 178673K [0x000000008a200000, 0x0000000100000000)
  region size 1024K, 2 young (2048K), 2 survivors (2048K)
 Metaspace       used 136101K, committed 137856K, reserved 1179648K
  class space    used 16820K, committed 17664K, reserved 1048576K
}
Event: 6117.551 GC heap before
{Heap before GC invocations=216 (full 26):
 garbage-first heap   total 343040K, used 285169K [0x000000008a200000, 0x0000000100000000)
  region size 1024K, 106 young (108544K), 2 survivors (2048K)
 Metaspace       used 136575K, committed 138368K, reserved 1179648K
  class space    used 16862K, committed 17728K, reserved 1048576K
}
Event: 6117.562 GC heap after
{Heap after GC invocations=217 (full 26):
 garbage-first heap   total 343040K, used 180563K [0x000000008a200000, 0x0000000100000000)
  region size 1024K, 4 young (4096K), 4 survivors (4096K)
 Metaspace       used 136575K, committed 138368K, reserved 1179648K
  class space    used 16862K, committed 17728K, reserved 1048576K
}
Event: 6149.635 GC heap before
{Heap before GC invocations=218 (full 26):
 garbage-first heap   total 343040K, used 288083K [0x000000008a200000, 0x0000000100000000)
  region size 1024K, 109 young (111616K), 4 survivors (4096K)
 Metaspace       used 136586K, committed 138368K, reserved 1179648K
  class space    used 16864K, committed 17728K, reserved 1048576K
}
Event: 6149.643 GC heap after
{Heap after GC invocations=219 (full 26):
 garbage-first heap   total 343040K, used 185261K [0x000000008a200000, 0x0000000100000000)
  region size 1024K, 8 young (8192K), 8 survivors (8192K)
 Metaspace       used 136586K, committed 138368K, reserved 1179648K
  class space    used 16864K, committed 17728K, reserved 1048576K
}
Event: 6149.698 GC heap before
{Heap before GC invocations=219 (full 26):
 garbage-first heap   total 343040K, used 193453K [0x000000008a200000, 0x0000000100000000)
  region size 1024K, 16 young (16384K), 8 survivors (8192K)
 Metaspace       used 136586K, committed 138368K, reserved 1179648K
  class space    used 16864K, committed 17728K, reserved 1048576K
}
Event: 6149.711 GC heap after
{Heap after GC invocations=220 (full 26):
 garbage-first heap   total 343040K, used 182879K [0x000000008a200000, 0x0000000100000000)
  region size 1024K, 2 young (2048K), 2 survivors (2048K)
 Metaspace       used 136586K, committed 138368K, reserved 1179648K
  class space    used 16864K, committed 17728K, reserved 1048576K
}
Event: 6149.909 GC heap before
{Heap before GC invocations=220 (full 26):
 garbage-first heap   total 343040K, used 287327K [0x000000008a200000, 0x0000000100000000)
  region size 1024K, 105 young (107520K), 2 survivors (2048K)
 Metaspace       used 136586K, committed 138368K, reserved 1179648K
  class space    used 16864K, committed 17728K, reserved 1048576K
}

Deoptimization events (20 events):
Event: 5899.288 Thread 0x000001e5152ee660 DEOPT PACKING pc=0x000001e4b80e3488 sp=0x0000001289dfc060
Event: 5899.288 Thread 0x000001e5152ee660 DEOPT UNPACKING pc=0x000001e4b66e23a3 sp=0x0000001289dfc1c0 mode 2
Event: 5899.414 Thread 0x000001e50b9420d0 Uncommon trap: trap_request=0xffffffbe fr.pc=0x000001e4b80e3488 relative=0x00000000000045e8
Event: 5899.414 Thread 0x000001e50b9420d0 Uncommon trap: reason=profile_predicate action=maybe_recompile pc=0x000001e4b80e3488 method=sun.security.ec.XECOperations.pointMultiply([BLsun/security/util/math/ImmutableIntegerModuloP;)Lsun/security/util/math/IntegerModuloP; @ 103 c2
Event: 5899.414 Thread 0x000001e50b9420d0 DEOPT PACKING pc=0x000001e4b80e3488 sp=0x000000128a8fdb50
Event: 5899.414 Thread 0x000001e50b9420d0 DEOPT UNPACKING pc=0x000001e4b66e23a3 sp=0x000000128a8fdcb0 mode 2
Event: 5899.478 Thread 0x000001e50b9420d0 Uncommon trap: trap_request=0xffffffbe fr.pc=0x000001e4b80e3488 relative=0x00000000000045e8
Event: 5899.478 Thread 0x000001e50b9420d0 Uncommon trap: reason=profile_predicate action=maybe_recompile pc=0x000001e4b80e3488 method=sun.security.ec.XECOperations.pointMultiply([BLsun/security/util/math/ImmutableIntegerModuloP;)Lsun/security/util/math/IntegerModuloP; @ 103 c2
Event: 5899.478 Thread 0x000001e50b9420d0 DEOPT PACKING pc=0x000001e4b80e3488 sp=0x000000128a8fdb50
Event: 5899.478 Thread 0x000001e50b9420d0 DEOPT UNPACKING pc=0x000001e4b66e23a3 sp=0x000000128a8fdcb0 mode 2
Event: 5899.526 Thread 0x000001e50b9420d0 Uncommon trap: trap_request=0xffffffbe fr.pc=0x000001e4b80e3488 relative=0x00000000000045e8
Event: 5899.526 Thread 0x000001e50b9420d0 Uncommon trap: reason=profile_predicate action=maybe_recompile pc=0x000001e4b80e3488 method=sun.security.ec.XECOperations.pointMultiply([BLsun/security/util/math/ImmutableIntegerModuloP;)Lsun/security/util/math/IntegerModuloP; @ 103 c2
Event: 5899.526 Thread 0x000001e50b9420d0 DEOPT PACKING pc=0x000001e4b80e3488 sp=0x000000128a8fdb50
Event: 5899.526 Thread 0x000001e50b9420d0 DEOPT UNPACKING pc=0x000001e4b66e23a3 sp=0x000000128a8fdcb0 mode 2
Event: 5899.785 Thread 0x000001e5152ee660 Uncommon trap: trap_request=0xffffffbe fr.pc=0x000001e4b7dffe84 relative=0x00000000000012a4
Event: 5899.785 Thread 0x000001e5152ee660 Uncommon trap: reason=profile_predicate action=maybe_recompile pc=0x000001e4b7dffe84 method=java.util.TimSort.gallopRight(Ljava/lang/Object;[Ljava/lang/Object;IIILjava/util/Comparator;)I @ 62 c2
Event: 5899.785 Thread 0x000001e5152ee660 DEOPT PACKING pc=0x000001e4b7dffe84 sp=0x0000001289dfd660
Event: 5899.785 Thread 0x000001e5152ee660 DEOPT UNPACKING pc=0x000001e4b66e23a3 sp=0x0000001289dfd5f8 mode 2
Event: 6093.788 Thread 0x000001e50da03ac0 DEOPT PACKING pc=0x000001e4b0ab680d sp=0x000000128a7fd800
Event: 6093.788 Thread 0x000001e50da03ac0 DEOPT UNPACKING pc=0x000001e4b66e2b43 sp=0x000000128a7fcc98 mode 0

Classes unloaded (20 events):
Event: 5252.420 Thread 0x000001e4c504ae70 Unloading class 0x000001e4c80b4800 'jdk/internal/reflect/GeneratedSerializationConstructorAccessor146'
Event: 5252.420 Thread 0x000001e4c504ae70 Unloading class 0x000001e4c80b4400 'jdk/internal/reflect/GeneratedSerializationConstructorAccessor145'
Event: 5507.328 Thread 0x000001e4c504ae70 Unloading class 0x000001e4c80d0000 'jdk/internal/reflect/GeneratedSerializationConstructorAccessor152'
Event: 5507.328 Thread 0x000001e4c504ae70 Unloading class 0x000001e4c80ccc00 'jdk/internal/reflect/GeneratedSerializationConstructorAccessor151'
Event: 5507.328 Thread 0x000001e4c504ae70 Unloading class 0x000001e4c80cc800 'jdk/internal/reflect/GeneratedSerializationConstructorAccessor150'
Event: 5507.328 Thread 0x000001e4c504ae70 Unloading class 0x000001e4c80cc400 'jdk/internal/reflect/GeneratedSerializationConstructorAccessor149'
Event: 5836.795 Thread 0x000001e4c504ae70 Unloading class 0x000001e4c80e9000 'jdk/internal/reflect/GeneratedSerializationConstructorAccessor166'
Event: 5836.795 Thread 0x000001e4c504ae70 Unloading class 0x000001e4c80e8c00 'jdk/internal/reflect/GeneratedSerializationConstructorAccessor165'
Event: 5836.795 Thread 0x000001e4c504ae70 Unloading class 0x000001e4c80e8800 'jdk/internal/reflect/GeneratedSerializationConstructorAccessor164'
Event: 5836.795 Thread 0x000001e4c504ae70 Unloading class 0x000001e4c80e8400 'jdk/internal/reflect/GeneratedSerializationConstructorAccessor163'
Event: 5890.136 Thread 0x000001e4c504ae70 Unloading class 0x000001e4c8109000 'jdk/internal/reflect/GeneratedSerializationConstructorAccessor170'
Event: 5890.136 Thread 0x000001e4c504ae70 Unloading class 0x000001e4c8108c00 'jdk/internal/reflect/GeneratedSerializationConstructorAccessor169'
Event: 5890.136 Thread 0x000001e4c504ae70 Unloading class 0x000001e4c8108800 'jdk/internal/reflect/GeneratedSerializationConstructorAccessor168'
Event: 5890.136 Thread 0x000001e4c504ae70 Unloading class 0x000001e4c8108400 'jdk/internal/reflect/GeneratedSerializationConstructorAccessor167'
Event: 5946.424 Thread 0x000001e4c504ae70 Unloading class 0x000001e4c8120800 'jdk/internal/reflect/GeneratedSerializationConstructorAccessor172'
Event: 5946.424 Thread 0x000001e4c504ae70 Unloading class 0x000001e4c8120400 'jdk/internal/reflect/GeneratedSerializationConstructorAccessor171'
Event: 6092.139 Thread 0x000001e4c504ae70 Unloading class 0x000001e4c8134800 'jdk/internal/reflect/GeneratedSerializationConstructorAccessor174'
Event: 6092.139 Thread 0x000001e4c504ae70 Unloading class 0x000001e4c8134400 'jdk/internal/reflect/GeneratedSerializationConstructorAccessor173'
Event: 6092.139 Thread 0x000001e4c504ae70 Unloading class 0x000001e4c803c000 'org/apache/catalina/loader/JdbcLeakPrevention'
Event: 6092.139 Thread 0x000001e4c504ae70 Unloading class 0x000001e4c8019800 'org/apache/catalina/loader/JdbcLeakPrevention'

Classes redefined (0 events):
No events

Internal exceptions (20 events):
Event: 6092.688 Thread 0x000001e515873910 Exception <a 'java/lang/ArrayIndexOutOfBoundsException'{0x0000000099f580d0}> (0x0000000099f580d0) 
thrown [s\open\src\hotspot\share\runtime\sharedRuntime.cpp, line 631]
Event: 6092.688 Thread 0x000001e515873910 Exception <a 'java/lang/ArrayIndexOutOfBoundsException'{0x0000000099f58940}> (0x0000000099f58940) 
thrown [s\open\src\hotspot\share\runtime\sharedRuntime.cpp, line 631]
Event: 6092.689 Thread 0x000001e515873910 Exception <a 'java/lang/ArrayIndexOutOfBoundsException'{0x0000000099f67ec8}> (0x0000000099f67ec8) 
thrown [s\open\src\hotspot\share\runtime\sharedRuntime.cpp, line 631]
Event: 6092.689 Thread 0x000001e515873910 Exception <a 'java/lang/ArrayIndexOutOfBoundsException'{0x0000000099f68490}> (0x0000000099f68490) 
thrown [s\open\src\hotspot\share\runtime\sharedRuntime.cpp, line 631]
Event: 6092.689 Thread 0x000001e515873910 Exception <a 'java/lang/ArrayIndexOutOfBoundsException'{0x0000000099f6f298}> (0x0000000099f6f298) 
thrown [s\open\src\hotspot\share\runtime\sharedRuntime.cpp, line 631]
Event: 6092.689 Thread 0x000001e515873910 Exception <a 'java/lang/ArrayIndexOutOfBoundsException'{0x0000000099f6fb08}> (0x0000000099f6fb08) 
thrown [s\open\src\hotspot\share\runtime\sharedRuntime.cpp, line 631]
Event: 6092.760 Thread 0x000001e515873910 Exception <a 'sun/nio/fs/WindowsException'{0x00000000995235b0}> (0x00000000995235b0) 
thrown [s\open\src\hotspot\share\prims\jni.cpp, line 516]
Event: 6092.760 Thread 0x000001e515873910 Exception <a 'sun/nio/fs/WindowsException'{0x0000000099523c08}> (0x0000000099523c08) 
thrown [s\open\src\hotspot\share\prims\jni.cpp, line 516]
Event: 6092.760 Thread 0x000001e515873910 Exception <a 'sun/nio/fs/WindowsException'{0x00000000995242e0}> (0x00000000995242e0) 
thrown [s\open\src\hotspot\share\prims\jni.cpp, line 516]
Event: 6092.776 Thread 0x000001e515873910 Exception <a 'java/io/FileNotFoundException'{0x00000000995682b0}> (0x00000000995682b0) 
thrown [s\open\src\hotspot\share\prims\jni.cpp, line 516]
Event: 6092.914 Thread 0x000001e515873910 Exception <a 'java/io/FileNotFoundException'{0x000000009ede4f78}> (0x000000009ede4f78) 
thrown [s\open\src\hotspot\share\prims\jni.cpp, line 516]
Event: 6093.024 Thread 0x000001e515873910 Exception <a 'sun/nio/fs/WindowsException'{0x000000009ed57c70}> (0x000000009ed57c70) 
thrown [s\open\src\hotspot\share\prims\jni.cpp, line 516]
Event: 6094.023 Thread 0x000001e51420c450 Exception <a 'java/io/IOException'{0x000000009b9a0c10}> (0x000000009b9a0c10) 
thrown [s\open\src\hotspot\share\prims\jni.cpp, line 516]
Event: 6094.023 Thread 0x000001e51420c450 Exception <a 'java/io/IOException'{0x000000009b9a1750}> (0x000000009b9a1750) 
thrown [s\open\src\hotspot\share\prims\jni.cpp, line 516]
Event: 6094.031 Thread 0x000001e5152effb0 Exception <a 'java/lang/InterruptedException'{0x000000009b800040}: sleep interrupted> (0x000000009b800040) 
thrown [s\open\src\hotspot\share\prims\jvm.cpp, line 3064]
Event: 6094.040 Thread 0x000001e515873910 Exception <a 'java/lang/NoClassDefFoundError'{0x000000009b8289f8}: jakarta/validation/ValidationException> (0x000000009b8289f8) 
thrown [s\open\src\hotspot\share\classfile\systemDictionary.cpp, line 245]
Event: 6094.041 Thread 0x000001e515873910 Exception <a 'java/lang/NoClassDefFoundError'{0x000000009b82b3d8}: liquibase/exception/ChangeLogParseException> (0x000000009b82b3d8) 
thrown [s\open\src\hotspot\share\classfile\systemDictionary.cpp, line 245]
Event: 6094.082 Thread 0x000001e515873910 Exception <a 'java/lang/reflect/InvocationTargetException'{0x000000009b8a1ff8}> (0x000000009b8a1ff8) 
thrown [s\open\src\hotspot\share\runtime\reflection.cpp, line 1121]
Event: 6149.542 Thread 0x000001e515874d50 Exception <a 'sun/nio/fs/WindowsException'{0x000000009acf8888}> (0x000000009acf8888) 
thrown [s\open\src\hotspot\share\prims\jni.cpp, line 516]
Event: 6149.593 Thread 0x000001e515874d50 Exception <a 'sun/nio/fs/WindowsException'{0x000000009a8589e8}> (0x000000009a8589e8) 
thrown [s\open\src\hotspot\share\prims\jni.cpp, line 516]

VM Operations (20 events):
Event: 6092.883 Executing VM operation: G1CollectForAllocation done
Event: 6092.929 Executing VM operation: G1CollectForAllocation
Event: 6093.008 Executing VM operation: G1CollectForAllocation done
Event: 6094.020 Executing VM operation: Cleanup
Event: 6094.020 Executing VM operation: Cleanup done
Event: 6095.028 Executing VM operation: Cleanup
Event: 6095.028 Executing VM operation: Cleanup done
Event: 6117.550 Executing VM operation: G1CollectForAllocation
Event: 6117.562 Executing VM operation: G1CollectForAllocation done
Event: 6117.702 Executing VM operation: G1Concurrent
Event: 6117.714 Executing VM operation: G1Concurrent done
Event: 6117.767 Executing VM operation: G1Concurrent
Event: 6117.768 Executing VM operation: G1Concurrent done
Event: 6132.979 Executing VM operation: HandshakeAllThreads
Event: 6132.979 Executing VM operation: HandshakeAllThreads done
Event: 6149.635 Executing VM operation: G1CollectForAllocation
Event: 6149.643 Executing VM operation: G1CollectForAllocation done
Event: 6149.697 Executing VM operation: G1CollectForAllocation
Event: 6149.712 Executing VM operation: G1CollectForAllocation done
Event: 6149.908 Executing VM operation: G1CollectForAllocation

Events (20 events):
Event: 6092.688 loading class java/lang/Configurable done
Event: 6092.689 loading class java/lang/Configurable
Event: 6092.689 loading class java/lang/Configurable done
Event: 6092.918 Thread 0x000001e5152f09d0 Thread added: 0x000001e5152f09d0
Event: 6092.919 Thread 0x000001e5152f04c0 Thread added: 0x000001e5152f04c0
Event: 6092.919 Thread 0x000001e5152effb0 Thread added: 0x000001e5152effb0
Event: 6093.427 Thread 0x000001e515873e20 Thread added: 0x000001e515873e20
Event: 6093.535 Thread 0x000001e50da03ac0 Thread added: 0x000001e50da03ac0
Event: 6093.588 Thread 0x000001e50cd65c80 Thread added: 0x000001e50cd65c80
Event: 6094.011 Thread 0x000001e51420c450 Thread added: 0x000001e51420c450
Event: 6094.011 Thread 0x000001e50da03ac0 Thread exited: 0x000001e50da03ac0
Event: 6094.011 Thread 0x000001e515873e20 Thread exited: 0x000001e515873e20
Event: 6094.025 Thread 0x000001e51420c450 Thread exited: 0x000001e51420c450
Event: 6094.031 Thread 0x000001e5152effb0 Thread exited: 0x000001e5152effb0
Event: 6094.046 Thread 0x000001e5152f04c0 Thread exited: 0x000001e5152f04c0
Event: 6094.047 Thread 0x000001e5152f09d0 Thread exited: 0x000001e5152f09d0
Event: 6094.082 Thread 0x000001e515873910 Thread exited: 0x000001e515873910
Event: 6094.082 Thread 0x000001e515876190 Thread added: 0x000001e515876190
Event: 6099.059 Thread 0x000001e50cd65c80 Thread exited: 0x000001e50cd65c80
Event: 6149.533 Thread 0x000001e515874d50 Thread added: 0x000001e515874d50


Dynamic libraries:
0x00007ff794490000 - 0x00007ff7944a0000 	C:\Users\isawe\.jdks\jdk-17.0.12\bin\java.exe
0x00007ffcccbb0000 - 0x00007ffcccda8000 	C:\Windows\SYSTEM32\ntdll.dll
0x00007ffccbd60000 - 0x00007ffccbe22000 	C:\Windows\System32\KERNEL32.DLL
0x00007ffcca3f0000 - 0x00007ffcca6e6000 	C:\Windows\System32\KERNELBASE.dll
0x00007ffcca850000 - 0x00007ffcca950000 	C:\Windows\System32\ucrtbase.dll
0x00007ffca5a50000 - 0x00007ffca5a6b000 	C:\Users\isawe\.jdks\jdk-17.0.12\bin\VCRUNTIME140.dll
0x00007ffca5a30000 - 0x00007ffca5a49000 	C:\Users\isawe\.jdks\jdk-17.0.12\bin\jli.dll
0x00007ffccc9d0000 - 0x00007ffccca7f000 	C:\Windows\System32\ADVAPI32.dll
0x00007ffccb3e0000 - 0x00007ffccb47e000 	C:\Windows\System32\msvcrt.dll
0x00007ffccabb0000 - 0x00007ffccac4f000 	C:\Windows\System32\sechost.dll
0x00007ffccc330000 - 0x00007ffccc453000 	C:\Windows\System32\RPCRT4.dll
0x00007ffcca370000 - 0x00007ffcca397000 	C:\Windows\System32\bcrypt.dll
0x00007ffccbe30000 - 0x00007ffccbfcd000 	C:\Windows\System32\USER32.dll
0x00007ffcca220000 - 0x00007ffcca242000 	C:\Windows\System32\win32u.dll
0x00007ffccbcf0000 - 0x00007ffccbd1b000 	C:\Windows\System32\GDI32.dll
0x00007ffcca250000 - 0x00007ffcca36a000 	C:\Windows\System32\gdi32full.dll
0x00007ffcca950000 - 0x00007ffcca9ed000 	C:\Windows\System32\msvcp_win.dll
0x00007ffcb65b0000 - 0x00007ffcb684a000 	C:\Windows\WinSxS\amd64_microsoft.windows.common-controls_6595b64144ccf1df_6.0.19041.5794_none_60bcd33171f2783c\COMCTL32.dll
0x00007ffcbe280000 - 0x00007ffcbe28a000 	C:\Windows\SYSTEM32\VERSION.dll
0x00007ffccbd20000 - 0x00007ffccbd4f000 	C:\Windows\System32\IMM32.DLL
0x00007ffcb9c20000 - 0x00007ffcb9c2c000 	C:\Users\isawe\.jdks\jdk-17.0.12\bin\vcruntime140_1.dll
0x00007ffc90e60000 - 0x00007ffc90eee000 	C:\Users\isawe\.jdks\jdk-17.0.12\bin\msvcp140.dll
0x00007ffc88930000 - 0x00007ffc89510000 	C:\Users\isawe\.jdks\jdk-17.0.12\bin\server\jvm.dll
0x00007ffccbd50000 - 0x00007ffccbd58000 	C:\Windows\System32\PSAPI.DLL
0x00007ffcbe250000 - 0x00007ffcbe277000 	C:\Windows\SYSTEM32\WINMM.dll
0x00007ffcb56d0000 - 0x00007ffcb56d9000 	C:\Windows\SYSTEM32\WSOCK32.dll
0x00007ffccc710000 - 0x00007ffccc77b000 	C:\Windows\System32\WS2_32.dll
0x00007ffcc8a00000 - 0x00007ffcc8a12000 	C:\Windows\SYSTEM32\kernel.appcore.dll
0x00007ffcb9d10000 - 0x00007ffcb9d1a000 	C:\Users\isawe\.jdks\jdk-17.0.12\bin\jimage.dll
0x00007ffcc7df0000 - 0x00007ffcc7ff1000 	C:\Windows\SYSTEM32\DBGHELP.DLL
0x00007ffcb46c0000 - 0x00007ffcb46f4000 	C:\Windows\SYSTEM32\dbgcore.DLL
0x00007ffccab20000 - 0x00007ffccaba2000 	C:\Windows\System32\bcryptPrimitives.dll
0x00007ffca2e20000 - 0x00007ffca2e45000 	C:\Users\isawe\.jdks\jdk-17.0.12\bin\java.dll
0x00007ffc8d7a0000 - 0x00007ffc8d877000 	C:\Users\isawe\.jdks\jdk-17.0.12\bin\jsvml.dll
0x00007ffccac50000 - 0x00007ffccb3be000 	C:\Windows\System32\SHELL32.dll
0x00007ffcc8240000 - 0x00007ffcc89e3000 	C:\Windows\SYSTEM32\windows.storage.dll
0x00007ffccbfd0000 - 0x00007ffccc323000 	C:\Windows\System32\combase.dll
0x00007ffcc9aa0000 - 0x00007ffcc9acb000 	C:\Windows\SYSTEM32\Wldp.dll
0x00007ffccb7b0000 - 0x00007ffccb87d000 	C:\Windows\System32\OLEAUT32.dll
0x00007ffccca80000 - 0x00007ffcccb2d000 	C:\Windows\System32\SHCORE.dll
0x00007ffccc460000 - 0x00007ffccc4b5000 	C:\Windows\System32\shlwapi.dll
0x00007ffcca150000 - 0x00007ffcca175000 	C:\Windows\SYSTEM32\profapi.dll
0x00007ffca4740000 - 0x00007ffca4759000 	C:\Users\isawe\.jdks\jdk-17.0.12\bin\net.dll
0x00007ffcc1fb0000 - 0x00007ffcc20ba000 	C:\Windows\SYSTEM32\WINHTTP.dll
0x00007ffcc9880000 - 0x00007ffcc98ec000 	C:\Windows\system32\mswsock.dll
0x00007ffca3990000 - 0x00007ffca39a6000 	C:\Users\isawe\.jdks\jdk-17.0.12\bin\nio.dll
0x00007ffca3420000 - 0x00007ffca3438000 	C:\Users\isawe\.jdks\jdk-17.0.12\bin\zip.dll
0x00007ffcb9d00000 - 0x00007ffcb9d0a000 	C:\Users\isawe\.jdks\jdk-17.0.12\bin\management.dll
0x00007ffcb8740000 - 0x00007ffcb874b000 	C:\Users\isawe\.jdks\jdk-17.0.12\bin\management_ext.dll
0x00007ffcab390000 - 0x00007ffcab3a7000 	C:\Windows\system32\napinsp.dll
0x00007ffcab330000 - 0x00007ffcab34b000 	C:\Windows\system32\pnrpnsp.dll
0x00007ffcc45e0000 - 0x00007ffcc45fd000 	C:\Windows\system32\wshbth.dll
0x00007ffcc5500000 - 0x00007ffcc551d000 	C:\Windows\system32\NLAapi.dll
0x00007ffcc9580000 - 0x00007ffcc95bb000 	C:\Windows\SYSTEM32\IPHLPAPI.DLL
0x00007ffcc95c0000 - 0x00007ffcc968a000 	C:\Windows\SYSTEM32\DNSAPI.dll
0x00007ffcccb30000 - 0x00007ffcccb38000 	C:\Windows\System32\NSI.dll
0x00007ffcab310000 - 0x00007ffcab322000 	C:\Windows\System32\winrnr.dll
0x000000005b280000 - 0x000000005b2a6000 	C:\Program Files\Bonjour\mdnsNSP.dll
0x00007ffcc0cd0000 - 0x00007ffcc0cda000 	C:\Windows\System32\rasadhlp.dll
0x00007ffcc0a10000 - 0x00007ffcc0a90000 	C:\Windows\System32\fwpuclnt.dll
0x00007ffcc9ae0000 - 0x00007ffcc9af8000 	C:\Windows\SYSTEM32\CRYPTSP.dll
0x00007ffcc91c0000 - 0x00007ffcc91f8000 	C:\Windows\system32\rsaenh.dll
0x00007ffcca0d0000 - 0x00007ffcca0fe000 	C:\Windows\SYSTEM32\USERENV.dll
0x00007ffcc9a10000 - 0x00007ffcc9a1c000 	C:\Windows\SYSTEM32\CRYPTBASE.dll
0x00007ffcc2b40000 - 0x00007ffcc2b57000 	C:\Windows\SYSTEM32\dhcpcsvc6.DLL
0x00007ffcc2b20000 - 0x00007ffcc2b3d000 	C:\Windows\SYSTEM32\dhcpcsvc.DLL
0x00007ffcb7330000 - 0x00007ffcb733e000 	C:\Users\isawe\.jdks\jdk-17.0.12\bin\sunmscapi.dll
0x00007ffcca6f0000 - 0x00007ffcca84d000 	C:\Windows\System32\CRYPT32.dll
0x00007ffcc9bf0000 - 0x00007ffcc9c17000 	C:\Windows\SYSTEM32\ncrypt.dll
0x00007ffcc9bb0000 - 0x00007ffcc9beb000 	C:\Windows\SYSTEM32\NTASN1.dll
0x00007ffcb6c30000 - 0x00007ffcb6c40000 	C:\Users\isawe\.jdks\jdk-17.0.12\bin\verify.dll
0x00007ffca1ea0000 - 0x00007ffca1ea7000 	C:\Windows\system32\wshunix.dll

dbghelp: loaded successfully - version: 4.0.5 - missing functions: none
symbol engine: initialized successfully - sym options: 0x614 - pdb path: .;C:\Users\isawe\.jdks\jdk-17.0.12\bin;C:\Windows\SYSTEM32;C:\Windows\WinSxS\amd64_microsoft.windows.common-controls_6595b64144ccf1df_6.0.19041.5794_none_60bcd33171f2783c;C:\Users\isawe\.jdks\jdk-17.0.12\bin\server;C:\Program Files\Bonjour

VM Arguments:
jvm_args: -XX:+ShowCodeDetailsInExceptionMessages -Dspring.jmx.enabled=true -Dmanagement.endpoints.jmx.exposure.include=* -Dspring.application.admin.enabled=true -Dspring.boot.project.name=demo -Djava.rmi.server.hostname=localhost -Dcom.sun.management.jmxremote.port=45556 -Dcom.sun.management.jmxremote.authenticate=false -Dcom.sun.management.jmxremote.ssl=false 
java_command: com.example.demo.DemoApplication
java_class_path (initial): C:\Users\isawe\Downloads\demo\demo\target\classes;C:\Users\isawe\.m2\repository\org\springframework\boot\spring-boot-starter-data-jpa\3.4.6\spring-boot-starter-data-jpa-3.4.6.jar;C:\Users\isawe\.m2\repository\org\springframework\boot\spring-boot-starter\3.4.6\spring-boot-starter-3.4.6.jar;C:\Users\isawe\.m2\repository\org\springframework\boot\spring-boot-starter-logging\3.4.6\spring-boot-starter-logging-3.4.6.jar;C:\Users\isawe\.m2\repository\ch\qos\logback\logback-classic\1.5.18\logback-classic-1.5.18.jar;C:\Users\isawe\.m2\repository\ch\qos\logback\logback-core\1.5.18\logback-core-1.5.18.jar;C:\Users\isawe\.m2\repository\org\apache\logging\log4j\log4j-to-slf4j\2.24.3\log4j-to-slf4j-2.24.3.jar;C:\Users\isawe\.m2\repository\org\apache\logging\log4j\log4j-api\2.24.3\log4j-api-2.24.3.jar;C:\Users\isawe\.m2\repository\org\slf4j\jul-to-slf4j\2.0.17\jul-to-slf4j-2.0.17.jar;C:\Users\isawe\.m2\repository\jakarta\annotation\jakarta.annotation-api\2.1.1\jakarta.annotation-api-2.1.1.jar;C:\Users\isawe\.m2\repository\org\yaml\snakeyaml\2.3\snakeyaml-2.3.jar;C:\Users\isawe\.m2\repository\org\springframework\boot\spring-boot-starter-jdbc\3.4.6\spring-boot-starter-jdbc-3.4.6.jar;C:\Users\isawe\.m2\repository\com\zaxxer\HikariCP\5.1.0\HikariCP-5.1.0.jar;C:\Users\isawe\.m2\repository\org\springframework\spring-jdbc\6.2.7\spring-jdbc-6.2.7.jar;C:\Users\isawe\.m2\repository\org\hibernate\orm\hibernate-core\6.6.15.Final\hibernate-core-6.6.15.Final.jar;C:\Users\isawe\.m2\repository\jakarta\transaction\jakarta.transaction-api\2.0.1\jakarta.transaction-api-2.0.1.jar;C:\Users\isawe\.m2\repository\org\jboss\logging\jboss-logging\3.6.1.Final\jboss-logging-3.6.1.Final.jar;C:\Users\isawe\.m2\repository\org\hibernate\common\hibernate-commons-annotations\7.0.3.Final\hibernate-commons-annotations-7.0.3.Final.jar;C:\Users\isawe\.m2\repository\io\smallrye\jandex\3.2.0\jandex-3.2.0.jar;C:\Users\isawe\.m2\repository\com\fasterxml\classmate\1.7.0\classmate-1.7.0.jar;C:\Us
Launcher Type: SUN_STANDARD

[Global flags]
     intx CICompilerCount                          = 3                                         {product} {ergonomic}
     uint ConcGCThreads                            = 2                                         {product} {ergonomic}
     uint G1ConcRefinementThreads                  = 6                                         {product} {ergonomic}
   size_t G1HeapRegionSize                         = 1048576                                   {product} {ergonomic}
    uintx GCDrainStackTargetSize                   = 64                                        {product} {ergonomic}
   size_t InitialHeapSize                          = 123731968                                 {product} {ergonomic}
     bool ManagementServer                         = true                                      {product} {command line}
   size_t MarkStackSize                            = 4194304                                   {product} {ergonomic}
   size_t MaxHeapSize                              = 1977614336                                {product} {ergonomic}
   size_t MaxNewSize                               = 1185939456                                {product} {ergonomic}
   size_t MinHeapDeltaBytes                        = 1048576                                   {product} {ergonomic}
   size_t MinHeapSize                              = 8388608                                   {product} {ergonomic}
    uintx NonNMethodCodeHeapSize                   = 5832780                                {pd product} {ergonomic}
    uintx NonProfiledCodeHeapSize                  = 122912730                              {pd product} {ergonomic}
    uintx ProfiledCodeHeapSize                     = 122912730                              {pd product} {ergonomic}
    uintx ReservedCodeCacheSize                    = 251658240                              {pd product} {ergonomic}
     bool SegmentedCodeCache                       = true                                      {product} {ergonomic}
     bool ShowCodeDetailsInExceptionMessages       = true                                   {manageable} {command line}
   size_t SoftMaxHeapSize                          = 1977614336                             {manageable} {ergonomic}
     bool UseCompressedClassPointers               = true                           {product lp64_product} {ergonomic}
     bool UseCompressedOops                        = true                           {product lp64_product} {ergonomic}
     bool UseG1GC                                  = true                                      {product} {ergonomic}
     bool UseLargePagesIndividualAllocation        = false                                  {pd product} {ergonomic}

Logging:
Log output configuration:
 #0: stdout all=warning uptime,level,tags
 #1: stderr all=off uptime,level,tags

Environment Variables:
JAVA_HOME=C:\Users\isawe\.jdks\jdk-17.0.12
PATH=C:\Program Files\Eclipse Adoptium\jdk-17.0.13.11-hotspot\bin;C:\Program Files (x86)\Common Files\Oracle\Java\java8path;C:\Program Files (x86)\Common Files\Oracle\Java\javapath;C:\Program Files\Microsoft\jdk-11.0.16.101-hotspot\bin;C:\Windows\system32;C:\Windows;C:\Windows\System32\Wbem;C:\Windows\System32\WindowsPowerShell\v1.0\;C:\Windows\System32\OpenSSH\;C:\Program Files\Microsoft SQL Server\150\Tools\Binn\;C:\Program Files\Microsoft SQL Server\Client SDK\ODBC\170\Tools\Binn\;C:\Program Files\dotnet\;C:\Program Files (x86)\Windows Kits\10\Windows Performance Toolkit\;C:\Program Files\nodejs\;C:\ProgramData\chocolatey\bin;C:\Users\isawe\.jdks\jdk-17.0.12\bin;C:\Program Files\Git\cmd;C:\Program Files (x86)\Apache\apache-maven-3.9.9\bin;C:\Program Files (x86)\MySQL;C:\Program Files\OpenSSL-Win64\bin;C:\Users\isawe\AppData\Local\Programs\Python\Launcher\;C:\Program Files\MySQL\MySQL Shell 8.0\bin\;C:\Users\isawe\AppData\Local\Microsoft\WindowsApps;C:\Users\isawe\AppData\Local\Programs\Microsoft VS Code\bin;C:\Users\isawe\.dotnet\tools;D:\flutter\flutter\bin;C:\flutter\bin;C:\Program Files\CMake\bin;C:\Users\isawe\AppData\Roaming\npm
USERNAME=isawe
LANG=en_US.UTF-8
OS=Windows_NT
PROCESSOR_IDENTIFIER=AMD64 Family 23 Model 96 Stepping 1, AuthenticAMD



---------------  S Y S T E M  ---------------

OS:
 Windows 10 , 64 bit Build 19041 (10.0.19041.5794)
OS uptime: 10 days 20:26 hours
Hyper-V role detected

CPU: total 6 (initial active 6) (6 cores per cpu, 1 threads per core) family 23 model 96 stepping 1 microcode 0x0, cx8, cmov, fxsr, mmx, 3dnowpref, sse, sse2, sse3, ssse3, sse4a, sse4.1, sse4.2, popcnt, lzcnt, tsc, tscinvbit, avx, avx2, aes, clmul, bmi1, bmi2, adx, sha, fma, vzeroupper, clflush, clflushopt, hv

Memory: 4k page, system-wide physical 7542M (478M free)
TotalPageFile size 31094M (AvailPageFile size 283M)
current process WorkingSet (physical memory assigned to process): 615M, peak: 1027M
current process commit charge ("private bytes"): 711M, peak: 1332M

vm_info: Java HotSpot(TM) 64-Bit Server VM (17.0.12+8-LTS-286) for windows-amd64 JRE (17.0.12+8-LTS-286), built on Jun  5 2024 06:46:59 by "mach5one" with MS VC++ 17.6 (VS2022)

END.
